[ 2017-09-13T09:50:06+08:00 ] ::1 /weibo/
INFO: [ app_init ] --START--
INFO: Run Behavior\BuildLiteBehavior [ RunTime:0.000027s ]
INFO: [ app_init ] --END-- [ RunTime:0.141080s ]
INFO: [ app_begin ] --START--
INFO: Run Behavior\ReadHtmlCacheBehavior [ RunTime:0.091217s ]
INFO: [ app_begin ] --END-- [ RunTime:0.091345s ]

[ 2017-09-13T09:50:08+08:00 ] ::1 /weibo/Home/Login/index.html
INFO: [ app_init ] --START--
INFO: Run Behavior\BuildLiteBehavior [ RunTime:0.000023s ]
INFO: [ app_init ] --END-- [ RunTime:0.000773s ]
INFO: [ app_begin ] --START--
INFO: Run Behavior\ReadHtmlCacheBehavior [ RunTime:0.002212s ]
INFO: [ app_begin ] --END-- [ RunTime:0.002385s ]
INFO: [ view_parse ] --START--
INFO: [ template_filter ] --START--
INFO: Run Behavior\ContentReplaceBehavior [ RunTime:0.013739s ]
INFO: [ template_filter ] --END-- [ RunTime:0.013929s ]
INFO: Run Behavior\ParseTemplateBehavior [ RunTime:1.325409s ]
INFO: [ view_parse ] --END-- [ RunTime:1.325553s ]
INFO: [ view_filter ] --START--
INFO: Run Behavior\WriteHtmlCacheBehavior [ RunTime:0.019240s ]
INFO: [ view_filter ] --END-- [ RunTime:0.019384s ]
INFO: [ app_end ] --START--
INFO: Run Behavior\ShowPageTraceBehavior [ RunTime:0.011308s ]
INFO: [ app_end ] --END-- [ RunTime:0.011456s ]

