[ 2017-09-05T08:41:14+08:00 ] ::1 /weibo/
INFO: [ app_init ] --START--
INFO: Run Behavior\BuildLiteBehavior [ RunTime:0.000043s ]
INFO: [ app_init ] --END-- [ RunTime:0.003174s ]
INFO: [ app_begin ] --START--
INFO: Run Behavior\ReadHtmlCacheBehavior [ RunTime:0.002661s ]
INFO: [ app_begin ] --END-- [ RunTime:0.002834s ]

[ 2017-09-05T08:41:15+08:00 ] ::1 /weibo/Home/Login/index.html
INFO: [ app_init ] --START--
INFO: Run Behavior\BuildLiteBehavior [ RunTime:0.000040s ]
INFO: [ app_init ] --END-- [ RunTime:0.001410s ]
INFO: [ app_begin ] --START--
INFO: Run Behavior\ReadHtmlCacheBehavior [ RunTime:0.002030s ]
INFO: [ app_begin ] --END-- [ RunTime:0.002261s ]
INFO: [ view_parse ] --START--
INFO: [ template_filter ] --START--
INFO: Run Behavior\ContentReplaceBehavior [ RunTime:0.000147s ]
INFO: [ template_filter ] --END-- [ RunTime:0.000303s ]
INFO: Run Behavior\ParseTemplateBehavior [ RunTime:0.041888s ]
INFO: [ view_parse ] --END-- [ RunTime:0.042117s ]
INFO: [ view_filter ] --START--
INFO: Run Behavior\WriteHtmlCacheBehavior [ RunTime:0.002034s ]
INFO: [ view_filter ] --END-- [ RunTime:0.002177s ]
INFO: [ app_end ] --START--
INFO: Run Behavior\ShowPageTraceBehavior [ RunTime:0.003099s ]
INFO: [ app_end ] --END-- [ RunTime:0.003247s ]

[ 2017-09-05T20:18:07+08:00 ] ::1 /weibo/
INFO: [ app_init ] --START--
INFO: Run Behavior\BuildLiteBehavior [ RunTime:0.000030s ]
INFO: [ app_init ] --END-- [ RunTime:0.000802s ]
INFO: [ app_begin ] --START--
INFO: Run Behavior\ReadHtmlCacheBehavior [ RunTime:0.001380s ]
INFO: [ app_begin ] --END-- [ RunTime:0.001486s ]

[ 2017-09-05T20:18:07+08:00 ] ::1 /weibo/Home/Login/index.html
INFO: [ app_init ] --START--
INFO: Run Behavior\BuildLiteBehavior [ RunTime:0.000033s ]
INFO: [ app_init ] --END-- [ RunTime:0.000778s ]
INFO: [ app_begin ] --START--
INFO: Run Behavior\ReadHtmlCacheBehavior [ RunTime:0.000895s ]
INFO: [ app_begin ] --END-- [ RunTime:0.000987s ]
INFO: [ view_parse ] --START--
INFO: [ template_filter ] --START--
INFO: Run Behavior\ContentReplaceBehavior [ RunTime:0.000084s ]
INFO: [ template_filter ] --END-- [ RunTime:0.000197s ]
INFO: Run Behavior\ParseTemplateBehavior [ RunTime:0.011899s ]
INFO: [ view_parse ] --END-- [ RunTime:0.012016s ]
INFO: [ view_filter ] --START--
INFO: Run Behavior\WriteHtmlCacheBehavior [ RunTime:0.001783s ]
INFO: [ view_filter ] --END-- [ RunTime:0.001871s ]
INFO: [ app_end ] --START--
INFO: Run Behavior\ShowPageTraceBehavior [ RunTime:0.001109s ]
INFO: [ app_end ] --END-- [ RunTime:0.001230s ]

[ 2017-09-05T20:18:15+08:00 ] ::1 /weibo/Home/Login/login.html
INFO: [ app_init ] --START--
INFO: Run Behavior\BuildLiteBehavior [ RunTime:0.000028s ]
INFO: [ app_init ] --END-- [ RunTime:0.001221s ]
INFO: [ app_begin ] --START--
INFO: Run Behavior\ReadHtmlCacheBehavior [ RunTime:0.001285s ]
INFO: [ app_begin ] --END-- [ RunTime:0.001401s ]
SQL: SHOW COLUMNS FROM `mp_user` [ RunTime:0.1337s ]
SQL: SELECT * FROM `mp_user` WHERE `account` = 'admin' LIMIT 1   [ RunTime:0.1032s ]

[ 2017-09-05T20:18:19+08:00 ] ::1 /weibo/
INFO: [ app_init ] --START--
INFO: Run Behavior\BuildLiteBehavior [ RunTime:0.000020s ]
INFO: [ app_init ] --END-- [ RunTime:0.000685s ]
INFO: [ app_begin ] --START--
INFO: Run Behavior\ReadHtmlCacheBehavior [ RunTime:0.001748s ]
INFO: [ app_begin ] --END-- [ RunTime:0.001884s ]
SQL: SHOW COLUMNS FROM `mp_follow` [ RunTime:0.0060s ]
SQL: SELECT `follow` FROM `mp_follow` WHERE `fans` = 1  [ RunTime:0.0005s ]
SQL: SHOW COLUMNS FROM `mp_weibo` [ RunTime:0.0075s ]
SQL: SHOW COLUMNS FROM `mp_userinfo` [ RunTime:0.0077s ]
SQL: SHOW COLUMNS FROM `mp_picture` [ RunTime:0.0048s ]
SQL: SELECT COUNT(*) AS tp_count FROM mp_weibo weibo LEFT JOIN mp_userinfo userinfo ON weibo.uid = userinfo.uid LEFT JOIN mp_picture picture ON weibo.id = picture.wid WHERE weibo.uid IN ('1','2','3') LIMIT 1   [ RunTime:0.0006s ]
SQL: SELECT weibo.id AS id,weibo.content AS content,weibo.isturn AS isturn,weibo.time AS time,weibo.turn AS turn,weibo.keep AS keep,weibo.comment AS comment,weibo.uid AS uid,userinfo.username AS username,userinfo.face50 AS face,picture.mini AS mini,picture.medium AS medium,picture.max AS max FROM mp_weibo weibo LEFT JOIN mp_userinfo userinfo ON weibo.uid = userinfo.uid LEFT JOIN mp_picture picture ON weibo.id = picture.wid WHERE weibo.uid IN ('1','2','3') ORDER BY weibo.time desc LIMIT 0,5   [ RunTime:0.0009s ]
SQL: SELECT weibo.id AS id,weibo.content AS content,weibo.isturn AS isturn,weibo.time AS time,weibo.turn AS turn,weibo.keep AS keep,weibo.comment AS comment,weibo.uid AS uid,userinfo.username AS username,userinfo.face50 AS face,picture.mini AS mini,picture.medium AS medium,picture.max AS max FROM mp_weibo weibo LEFT JOIN mp_userinfo userinfo ON weibo.uid = userinfo.uid LEFT JOIN mp_picture picture ON weibo.id = picture.wid WHERE weibo.id = '11' LIMIT 1   [ RunTime:0.0005s ]
SQL: SELECT weibo.id AS id,weibo.content AS content,weibo.isturn AS isturn,weibo.time AS time,weibo.turn AS turn,weibo.keep AS keep,weibo.comment AS comment,weibo.uid AS uid,userinfo.username AS username,userinfo.face50 AS face,picture.mini AS mini,picture.medium AS medium,picture.max AS max FROM mp_weibo weibo LEFT JOIN mp_userinfo userinfo ON weibo.uid = userinfo.uid LEFT JOIN mp_picture picture ON weibo.id = picture.wid WHERE weibo.id = '2' LIMIT 1   [ RunTime:0.0004s ]
SQL: SELECT weibo.id AS id,weibo.content AS content,weibo.isturn AS isturn,weibo.time AS time,weibo.turn AS turn,weibo.keep AS keep,weibo.comment AS comment,weibo.uid AS uid,userinfo.username AS username,userinfo.face50 AS face,picture.mini AS mini,picture.medium AS medium,picture.max AS max FROM mp_weibo weibo LEFT JOIN mp_userinfo userinfo ON weibo.uid = userinfo.uid LEFT JOIN mp_picture picture ON weibo.id = picture.wid WHERE weibo.id = '2' LIMIT 1   [ RunTime:0.0004s ]
INFO: [ view_parse ] --START--
INFO: [ template_filter ] --START--
INFO: Run Behavior\ContentReplaceBehavior [ RunTime:0.000413s ]
INFO: [ template_filter ] --END-- [ RunTime:0.000493s ]
SQL: SELECT `style` FROM `mp_userinfo` WHERE `uid` = 1 LIMIT 1   [ RunTime:0.0005s ]
SQL: SELECT `username` FROM `mp_userinfo` WHERE `uid` = 1 LIMIT 1   [ RunTime:0.0007s ]
SQL: SHOW COLUMNS FROM `mp_group` [ RunTime:0.0047s ]
SQL: SELECT * FROM `mp_group` WHERE `uid` = 1  [ RunTime:0.0004s ]
SQL: SELECT * FROM `mp_group` WHERE `uid` = 1  [ RunTime:0.0004s ]
SQL: SHOW COLUMNS FROM `mp_userinfo` [ RunTime:0.0069s ]
SQL: SELECT `username`,`face80` AS `face`,`follow`,`fans`,`weibo`,`uid` FROM `mp_userinfo` WHERE `uid` = 1 LIMIT 1   [ RunTime:0.0004s ]
NOTIC: [8] Undefined variable: face E:\www\weibo\App\Runtime\Cache\Home\00e52909bed743ea261af4b6823297ff.php 第 423 行.
SQL: SELECT `follow` FROM `mp_follow` WHERE `fans` = 1  [ RunTime:0.0004s ]
SQL: SELECT `uid`,`username`,`face50` AS `face`,COUNT(f.`follow`) AS `count` FROM `mp_follow` f LEFT JOIN `mp_userinfo` u ON f.`follow`=u.`uid` WHERE f.`fans` IN(2,3) AND f.`follow` NOT IN (2,3) AND f.`follow` <> 1 GROUP BY f.`follow` ORDER BY `count` DESC LIMIT 4 [ RunTime:0.0008s ]
NOTIC: [8] Undefined variable: face E:\www\weibo\App\Runtime\Cache\Home\00e52909bed743ea261af4b6823297ff.php 第 448 行.
INFO: Run Behavior\ParseTemplateBehavior [ RunTime:0.258940s ]
INFO: [ view_parse ] --END-- [ RunTime:0.259006s ]
INFO: [ view_filter ] --START--
INFO: Run Behavior\WriteHtmlCacheBehavior [ RunTime:0.001033s ]
INFO: [ view_filter ] --END-- [ RunTime:0.001154s ]
INFO: [ app_end ] --START--
INFO: Run Behavior\ShowPageTraceBehavior [ RunTime:0.001384s ]
INFO: [ app_end ] --END-- [ RunTime:0.001484s ]

[ 2017-09-05T20:18:20+08:00 ] ::1 /weibo/Home/Index/getMsg.html
INFO: [ app_init ] --START--
INFO: Run Behavior\BuildLiteBehavior [ RunTime:0.000039s ]
INFO: [ app_init ] --END-- [ RunTime:0.001275s ]
INFO: [ app_begin ] --START--
INFO: Run Behavior\ReadHtmlCacheBehavior [ RunTime:0.002006s ]
INFO: [ app_begin ] --END-- [ RunTime:0.002147s ]
INFO: [ app_end ] --START--
INFO: Run Behavior\ShowPageTraceBehavior [ RunTime:0.001693s ]
INFO: [ app_end ] --END-- [ RunTime:0.001875s ]

[ 2017-09-05T20:18:25+08:00 ] ::1 /weibo/Home/Index/getMsg.html
INFO: [ app_init ] --START--
INFO: Run Behavior\BuildLiteBehavior [ RunTime:0.000020s ]
INFO: [ app_init ] --END-- [ RunTime:0.000669s ]
INFO: [ app_begin ] --START--
INFO: Run Behavior\ReadHtmlCacheBehavior [ RunTime:0.001004s ]
INFO: [ app_begin ] --END-- [ RunTime:0.001086s ]
INFO: [ app_end ] --START--
INFO: Run Behavior\ShowPageTraceBehavior [ RunTime:0.001352s ]
INFO: [ app_end ] --END-- [ RunTime:0.001457s ]

[ 2017-09-05T20:18:30+08:00 ] ::1 /weibo/Home/Index/getMsg.html
INFO: [ app_init ] --START--
INFO: Run Behavior\BuildLiteBehavior [ RunTime:0.000043s ]
INFO: [ app_init ] --END-- [ RunTime:0.000977s ]
INFO: [ app_begin ] --START--
INFO: Run Behavior\ReadHtmlCacheBehavior [ RunTime:0.001155s ]
INFO: [ app_begin ] --END-- [ RunTime:0.001240s ]
INFO: [ app_end ] --START--
INFO: Run Behavior\ShowPageTraceBehavior [ RunTime:0.001891s ]
INFO: [ app_end ] --END-- [ RunTime:0.002157s ]

[ 2017-09-05T20:18:35+08:00 ] ::1 /weibo/Home/Index/getMsg.html
INFO: [ app_init ] --START--
INFO: Run Behavior\BuildLiteBehavior [ RunTime:0.000019s ]
INFO: [ app_init ] --END-- [ RunTime:0.000720s ]
INFO: [ app_begin ] --START--
INFO: Run Behavior\ReadHtmlCacheBehavior [ RunTime:0.001947s ]
INFO: [ app_begin ] --END-- [ RunTime:0.002037s ]
INFO: [ app_end ] --START--
INFO: Run Behavior\ShowPageTraceBehavior [ RunTime:0.001059s ]
INFO: [ app_end ] --END-- [ RunTime:0.001140s ]

[ 2017-09-05T20:18:40+08:00 ] ::1 /weibo/Home/Index/getMsg.html
INFO: [ app_init ] --START--
INFO: Run Behavior\BuildLiteBehavior [ RunTime:0.000023s ]
INFO: [ app_init ] --END-- [ RunTime:0.000943s ]
INFO: [ app_begin ] --START--
INFO: Run Behavior\ReadHtmlCacheBehavior [ RunTime:0.001538s ]
INFO: [ app_begin ] --END-- [ RunTime:0.001639s ]
INFO: [ app_end ] --START--
INFO: Run Behavior\ShowPageTraceBehavior [ RunTime:0.002018s ]
INFO: [ app_end ] --END-- [ RunTime:0.002187s ]

[ 2017-09-05T20:18:45+08:00 ] ::1 /weibo/Home/Index/getMsg.html
INFO: [ app_init ] --START--
INFO: Run Behavior\BuildLiteBehavior [ RunTime:0.000019s ]
INFO: [ app_init ] --END-- [ RunTime:0.000820s ]
INFO: [ app_begin ] --START--
INFO: Run Behavior\ReadHtmlCacheBehavior [ RunTime:0.001123s ]
INFO: [ app_begin ] --END-- [ RunTime:0.001192s ]
INFO: [ app_end ] --START--
INFO: Run Behavior\ShowPageTraceBehavior [ RunTime:0.001033s ]
INFO: [ app_end ] --END-- [ RunTime:0.001106s ]

[ 2017-09-05T20:18:50+08:00 ] ::1 /weibo/Home/Index/getMsg.html
INFO: [ app_init ] --START--
INFO: Run Behavior\BuildLiteBehavior [ RunTime:0.000020s ]
INFO: [ app_init ] --END-- [ RunTime:0.000984s ]
INFO: [ app_begin ] --START--
INFO: Run Behavior\ReadHtmlCacheBehavior [ RunTime:0.001117s ]
INFO: [ app_begin ] --END-- [ RunTime:0.001187s ]
INFO: [ app_end ] --START--
INFO: Run Behavior\ShowPageTraceBehavior [ RunTime:0.001087s ]
INFO: [ app_end ] --END-- [ RunTime:0.001164s ]

[ 2017-09-05T20:18:55+08:00 ] ::1 /weibo/Home/Index/getMsg.html
INFO: [ app_init ] --START--
INFO: Run Behavior\BuildLiteBehavior [ RunTime:0.000027s ]
INFO: [ app_init ] --END-- [ RunTime:0.000957s ]
INFO: [ app_begin ] --START--
INFO: Run Behavior\ReadHtmlCacheBehavior [ RunTime:0.001165s ]
INFO: [ app_begin ] --END-- [ RunTime:0.001251s ]
INFO: [ app_end ] --START--
INFO: Run Behavior\ShowPageTraceBehavior [ RunTime:0.002632s ]
INFO: [ app_end ] --END-- [ RunTime:0.002873s ]

[ 2017-09-05T20:19:00+08:00 ] ::1 /weibo/Home/Index/getMsg.html
INFO: [ app_init ] --START--
INFO: Run Behavior\BuildLiteBehavior [ RunTime:0.000019s ]
INFO: [ app_init ] --END-- [ RunTime:0.000796s ]
INFO: [ app_begin ] --START--
INFO: Run Behavior\ReadHtmlCacheBehavior [ RunTime:0.001251s ]
INFO: [ app_begin ] --END-- [ RunTime:0.001323s ]
INFO: [ app_end ] --START--
INFO: Run Behavior\ShowPageTraceBehavior [ RunTime:0.001246s ]
INFO: [ app_end ] --END-- [ RunTime:0.001350s ]

[ 2017-09-05T20:19:05+08:00 ] ::1 /weibo/Home/Index/getMsg.html
INFO: [ app_init ] --START--
INFO: Run Behavior\BuildLiteBehavior [ RunTime:0.000019s ]
INFO: [ app_init ] --END-- [ RunTime:0.000782s ]
INFO: [ app_begin ] --START--
INFO: Run Behavior\ReadHtmlCacheBehavior [ RunTime:0.001063s ]
INFO: [ app_begin ] --END-- [ RunTime:0.001132s ]
INFO: [ app_end ] --START--
INFO: Run Behavior\ShowPageTraceBehavior [ RunTime:0.001085s ]
INFO: [ app_end ] --END-- [ RunTime:0.001164s ]

[ 2017-09-05T20:19:10+08:00 ] ::1 /weibo/Home/Index/getMsg.html
INFO: [ app_init ] --START--
INFO: Run Behavior\BuildLiteBehavior [ RunTime:0.000020s ]
INFO: [ app_init ] --END-- [ RunTime:0.000750s ]
INFO: [ app_begin ] --START--
INFO: Run Behavior\ReadHtmlCacheBehavior [ RunTime:0.001444s ]
INFO: [ app_begin ] --END-- [ RunTime:0.001552s ]
INFO: [ app_end ] --START--
INFO: Run Behavior\ShowPageTraceBehavior [ RunTime:0.001586s ]
INFO: [ app_end ] --END-- [ RunTime:0.001762s ]

[ 2017-09-05T20:19:15+08:00 ] ::1 /weibo/Home/Index/getMsg.html
INFO: [ app_init ] --START--
INFO: Run Behavior\BuildLiteBehavior [ RunTime:0.000020s ]
INFO: [ app_init ] --END-- [ RunTime:0.000942s ]
INFO: [ app_begin ] --START--
INFO: Run Behavior\ReadHtmlCacheBehavior [ RunTime:0.001102s ]
INFO: [ app_begin ] --END-- [ RunTime:0.001174s ]
INFO: [ app_end ] --START--
INFO: Run Behavior\ShowPageTraceBehavior [ RunTime:0.001295s ]
INFO: [ app_end ] --END-- [ RunTime:0.001378s ]

[ 2017-09-05T20:19:20+08:00 ] ::1 /weibo/Home/Index/getMsg.html
INFO: [ app_init ] --START--
INFO: Run Behavior\BuildLiteBehavior [ RunTime:0.000019s ]
INFO: [ app_init ] --END-- [ RunTime:0.000700s ]
INFO: [ app_begin ] --START--
INFO: Run Behavior\ReadHtmlCacheBehavior [ RunTime:0.001524s ]
INFO: [ app_begin ] --END-- [ RunTime:0.001611s ]
INFO: [ app_end ] --START--
INFO: Run Behavior\ShowPageTraceBehavior [ RunTime:0.001070s ]
INFO: [ app_end ] --END-- [ RunTime:0.001161s ]

[ 2017-09-05T20:19:23+08:00 ] ::1 /weibo/Home/Index/sendWeibo.html
INFO: [ app_init ] --START--
INFO: Run Behavior\BuildLiteBehavior [ RunTime:0.000046s ]
INFO: [ app_init ] --END-- [ RunTime:0.000915s ]
INFO: [ app_begin ] --START--
INFO: Run Behavior\ReadHtmlCacheBehavior [ RunTime:0.001160s ]
INFO: [ app_begin ] --END-- [ RunTime:0.001292s ]
SQL: SHOW COLUMNS FROM `mp_weibo` [ RunTime:0.0231s ]
SQL: INSERT INTO `mp_weibo` (`content`,`time`,`uid`) VALUES ('这么多多的王维[吃惊]','1504613963','1') [ RunTime:0.0807s ]
SQL: SHOW COLUMNS FROM `mp_userinfo` [ RunTime:0.0360s ]
SQL: UPDATE `mp_userinfo` SET `weibo`=weibo+1 WHERE `uid` = 1 [ RunTime:0.0465s ]
INFO: [ view_parse ] --START--
INFO: [ template_filter ] --START--
INFO: Run Behavior\ContentReplaceBehavior [ RunTime:0.000058s ]
INFO: [ template_filter ] --END-- [ RunTime:0.000129s ]
INFO: Run Behavior\ParseTemplateBehavior [ RunTime:0.011447s ]
INFO: [ view_parse ] --END-- [ RunTime:0.011608s ]
INFO: [ view_filter ] --START--
INFO: Run Behavior\WriteHtmlCacheBehavior [ RunTime:0.000829s ]
INFO: [ view_filter ] --END-- [ RunTime:0.000911s ]
INFO: [ app_end ] --START--
INFO: Run Behavior\ShowPageTraceBehavior [ RunTime:0.001099s ]
INFO: [ app_end ] --END-- [ RunTime:0.001167s ]

[ 2017-09-05T20:19:25+08:00 ] ::1 /weibo/
INFO: [ app_init ] --START--
INFO: Run Behavior\BuildLiteBehavior [ RunTime:0.000026s ]
INFO: [ app_init ] --END-- [ RunTime:0.001096s ]
INFO: [ app_begin ] --START--
INFO: Run Behavior\ReadHtmlCacheBehavior [ RunTime:0.001517s ]
INFO: [ app_begin ] --END-- [ RunTime:0.001622s ]
SQL: SHOW COLUMNS FROM `mp_follow` [ RunTime:0.1522s ]
SQL: SELECT `follow` FROM `mp_follow` WHERE `fans` = 1  [ RunTime:0.0005s ]
SQL: SHOW COLUMNS FROM `mp_weibo` [ RunTime:0.0060s ]
SQL: SHOW COLUMNS FROM `mp_userinfo` [ RunTime:0.0071s ]
SQL: SHOW COLUMNS FROM `mp_picture` [ RunTime:0.0066s ]
SQL: SELECT COUNT(*) AS tp_count FROM mp_weibo weibo LEFT JOIN mp_userinfo userinfo ON weibo.uid = userinfo.uid LEFT JOIN mp_picture picture ON weibo.id = picture.wid WHERE weibo.uid IN ('1','2','3') LIMIT 1   [ RunTime:0.0009s ]
SQL: SELECT weibo.id AS id,weibo.content AS content,weibo.isturn AS isturn,weibo.time AS time,weibo.turn AS turn,weibo.keep AS keep,weibo.comment AS comment,weibo.uid AS uid,userinfo.username AS username,userinfo.face50 AS face,picture.mini AS mini,picture.medium AS medium,picture.max AS max FROM mp_weibo weibo LEFT JOIN mp_userinfo userinfo ON weibo.uid = userinfo.uid LEFT JOIN mp_picture picture ON weibo.id = picture.wid WHERE weibo.uid IN ('1','2','3') ORDER BY weibo.time desc LIMIT 0,5   [ RunTime:0.0012s ]
SQL: SELECT weibo.id AS id,weibo.content AS content,weibo.isturn AS isturn,weibo.time AS time,weibo.turn AS turn,weibo.keep AS keep,weibo.comment AS comment,weibo.uid AS uid,userinfo.username AS username,userinfo.face50 AS face,picture.mini AS mini,picture.medium AS medium,picture.max AS max FROM mp_weibo weibo LEFT JOIN mp_userinfo userinfo ON weibo.uid = userinfo.uid LEFT JOIN mp_picture picture ON weibo.id = picture.wid WHERE weibo.id = '11' LIMIT 1   [ RunTime:0.0008s ]
SQL: SELECT weibo.id AS id,weibo.content AS content,weibo.isturn AS isturn,weibo.time AS time,weibo.turn AS turn,weibo.keep AS keep,weibo.comment AS comment,weibo.uid AS uid,userinfo.username AS username,userinfo.face50 AS face,picture.mini AS mini,picture.medium AS medium,picture.max AS max FROM mp_weibo weibo LEFT JOIN mp_userinfo userinfo ON weibo.uid = userinfo.uid LEFT JOIN mp_picture picture ON weibo.id = picture.wid WHERE weibo.id = '2' LIMIT 1   [ RunTime:0.0013s ]
INFO: [ view_parse ] --START--
INFO: [ template_filter ] --START--
INFO: Run Behavior\ContentReplaceBehavior [ RunTime:0.000642s ]
INFO: [ template_filter ] --END-- [ RunTime:0.000753s ]
SQL: SELECT `style` FROM `mp_userinfo` WHERE `uid` = 1 LIMIT 1   [ RunTime:0.0005s ]
SQL: SELECT `username` FROM `mp_userinfo` WHERE `uid` = 1 LIMIT 1   [ RunTime:0.0003s ]
SQL: SHOW COLUMNS FROM `mp_group` [ RunTime:0.0077s ]
SQL: SELECT * FROM `mp_group` WHERE `uid` = 1  [ RunTime:0.0005s ]
SQL: SELECT * FROM `mp_group` WHERE `uid` = 1  [ RunTime:0.0004s ]
SQL: SHOW COLUMNS FROM `mp_userinfo` [ RunTime:0.0072s ]
SQL: SELECT `username`,`face80` AS `face`,`follow`,`fans`,`weibo`,`uid` FROM `mp_userinfo` WHERE `uid` = 1 LIMIT 1   [ RunTime:0.0005s ]
NOTIC: [8] Undefined variable: face E:\www\weibo\App\Runtime\Cache\Home\00e52909bed743ea261af4b6823297ff.php 第 423 行.
SQL: SELECT `follow` FROM `mp_follow` WHERE `fans` = 1  [ RunTime:0.0004s ]
SQL: SELECT `uid`,`username`,`face50` AS `face`,COUNT(f.`follow`) AS `count` FROM `mp_follow` f LEFT JOIN `mp_userinfo` u ON f.`follow`=u.`uid` WHERE f.`fans` IN(2,3) AND f.`follow` NOT IN (2,3) AND f.`follow` <> 1 GROUP BY f.`follow` ORDER BY `count` DESC LIMIT 4 [ RunTime:0.0010s ]
NOTIC: [8] Undefined variable: face E:\www\weibo\App\Runtime\Cache\Home\00e52909bed743ea261af4b6823297ff.php 第 448 行.
INFO: Run Behavior\ParseTemplateBehavior [ RunTime:0.201629s ]
INFO: [ view_parse ] --END-- [ RunTime:0.201747s ]
INFO: [ view_filter ] --START--
INFO: Run Behavior\WriteHtmlCacheBehavior [ RunTime:0.001109s ]
INFO: [ view_filter ] --END-- [ RunTime:0.001198s ]
INFO: [ app_end ] --START--
INFO: Run Behavior\ShowPageTraceBehavior [ RunTime:0.001640s ]
INFO: [ app_end ] --END-- [ RunTime:0.001757s ]

[ 2017-09-05T20:19:25+08:00 ] ::1 /weibo/Home/Index/getMsg.html
INFO: [ app_init ] --START--
INFO: Run Behavior\BuildLiteBehavior [ RunTime:0.000031s ]
INFO: [ app_init ] --END-- [ RunTime:0.001206s ]
INFO: [ app_begin ] --START--
INFO: Run Behavior\ReadHtmlCacheBehavior [ RunTime:0.002044s ]
INFO: [ app_begin ] --END-- [ RunTime:0.002172s ]
INFO: [ app_end ] --START--
INFO: Run Behavior\ShowPageTraceBehavior [ RunTime:0.001860s ]
INFO: [ app_end ] --END-- [ RunTime:0.002010s ]

[ 2017-09-05T20:19:30+08:00 ] ::1 /weibo/Home/Index/keep.html
INFO: [ app_init ] --START--
INFO: Run Behavior\BuildLiteBehavior [ RunTime:0.000032s ]
INFO: [ app_init ] --END-- [ RunTime:0.001124s ]
INFO: [ app_begin ] --START--
INFO: Run Behavior\ReadHtmlCacheBehavior [ RunTime:0.001411s ]
INFO: [ app_begin ] --END-- [ RunTime:0.001489s ]
SQL: SHOW COLUMNS FROM `mp_keep` [ RunTime:0.0094s ]
SQL: SELECT `id` FROM `mp_keep` WHERE `wid` = 15 AND `uid` = 1 LIMIT 1   [ RunTime:0.1293s ]
SQL: INSERT INTO `mp_keep` (`uid`,`wid`,`time`) VALUES ('1','15','1504613970') [ RunTime:0.0068s ]
SQL: SHOW COLUMNS FROM `mp_weibo` [ RunTime:0.0071s ]
SQL: UPDATE `mp_weibo` SET `keep`=keep+1 WHERE `id` = 15 [ RunTime:0.0005s ]
INFO: [ app_end ] --START--
INFO: Run Behavior\ShowPageTraceBehavior [ RunTime:0.001216s ]
INFO: [ app_end ] --END-- [ RunTime:0.001281s ]

[ 2017-09-05T20:19:30+08:00 ] ::1 /weibo/Home/Index/getMsg.html
INFO: [ app_init ] --START--
INFO: Run Behavior\BuildLiteBehavior [ RunTime:0.000020s ]
INFO: [ app_init ] --END-- [ RunTime:0.000761s ]
INFO: [ app_begin ] --START--
INFO: Run Behavior\ReadHtmlCacheBehavior [ RunTime:0.001206s ]
INFO: [ app_begin ] --END-- [ RunTime:0.001310s ]
INFO: [ app_end ] --START--
INFO: Run Behavior\ShowPageTraceBehavior [ RunTime:0.002475s ]
INFO: [ app_end ] --END-- [ RunTime:0.002614s ]

[ 2017-09-05T20:19:35+08:00 ] ::1 /weibo/
INFO: [ app_init ] --START--
INFO: Run Behavior\BuildLiteBehavior [ RunTime:0.000062s ]
INFO: [ app_init ] --END-- [ RunTime:0.000702s ]
INFO: [ app_begin ] --START--
INFO: Run Behavior\ReadHtmlCacheBehavior [ RunTime:0.000878s ]
INFO: [ app_begin ] --END-- [ RunTime:0.000957s ]
SQL: SHOW COLUMNS FROM `mp_follow` [ RunTime:0.0079s ]
SQL: SELECT `follow` FROM `mp_follow` WHERE `fans` = 1  [ RunTime:0.0005s ]
SQL: SHOW COLUMNS FROM `mp_weibo` [ RunTime:0.0465s ]
SQL: SHOW COLUMNS FROM `mp_userinfo` [ RunTime:0.0114s ]
SQL: SHOW COLUMNS FROM `mp_picture` [ RunTime:0.0070s ]
SQL: SELECT COUNT(*) AS tp_count FROM mp_weibo weibo LEFT JOIN mp_userinfo userinfo ON weibo.uid = userinfo.uid LEFT JOIN mp_picture picture ON weibo.id = picture.wid WHERE weibo.uid IN ('1','2','3') LIMIT 1   [ RunTime:0.0006s ]
SQL: SELECT weibo.id AS id,weibo.content AS content,weibo.isturn AS isturn,weibo.time AS time,weibo.turn AS turn,weibo.keep AS keep,weibo.comment AS comment,weibo.uid AS uid,userinfo.username AS username,userinfo.face50 AS face,picture.mini AS mini,picture.medium AS medium,picture.max AS max FROM mp_weibo weibo LEFT JOIN mp_userinfo userinfo ON weibo.uid = userinfo.uid LEFT JOIN mp_picture picture ON weibo.id = picture.wid WHERE weibo.uid IN ('1','2','3') ORDER BY weibo.time desc LIMIT 0,5   [ RunTime:0.0010s ]
SQL: SELECT weibo.id AS id,weibo.content AS content,weibo.isturn AS isturn,weibo.time AS time,weibo.turn AS turn,weibo.keep AS keep,weibo.comment AS comment,weibo.uid AS uid,userinfo.username AS username,userinfo.face50 AS face,picture.mini AS mini,picture.medium AS medium,picture.max AS max FROM mp_weibo weibo LEFT JOIN mp_userinfo userinfo ON weibo.uid = userinfo.uid LEFT JOIN mp_picture picture ON weibo.id = picture.wid WHERE weibo.id = '11' LIMIT 1   [ RunTime:0.0007s ]
SQL: SELECT weibo.id AS id,weibo.content AS content,weibo.isturn AS isturn,weibo.time AS time,weibo.turn AS turn,weibo.keep AS keep,weibo.comment AS comment,weibo.uid AS uid,userinfo.username AS username,userinfo.face50 AS face,picture.mini AS mini,picture.medium AS medium,picture.max AS max FROM mp_weibo weibo LEFT JOIN mp_userinfo userinfo ON weibo.uid = userinfo.uid LEFT JOIN mp_picture picture ON weibo.id = picture.wid WHERE weibo.id = '2' LIMIT 1   [ RunTime:0.0007s ]
INFO: [ view_parse ] --START--
INFO: [ template_filter ] --START--
INFO: Run Behavior\ContentReplaceBehavior [ RunTime:0.000508s ]
INFO: [ template_filter ] --END-- [ RunTime:0.000602s ]
SQL: SELECT `style` FROM `mp_userinfo` WHERE `uid` = 1 LIMIT 1   [ RunTime:0.0004s ]
SQL: SELECT `username` FROM `mp_userinfo` WHERE `uid` = 1 LIMIT 1   [ RunTime:0.0004s ]
SQL: SHOW COLUMNS FROM `mp_group` [ RunTime:0.0071s ]
SQL: SELECT * FROM `mp_group` WHERE `uid` = 1  [ RunTime:0.0004s ]
SQL: SELECT * FROM `mp_group` WHERE `uid` = 1  [ RunTime:0.0005s ]
SQL: SHOW COLUMNS FROM `mp_userinfo` [ RunTime:0.0056s ]
SQL: SELECT `username`,`face80` AS `face`,`follow`,`fans`,`weibo`,`uid` FROM `mp_userinfo` WHERE `uid` = 1 LIMIT 1   [ RunTime:0.0007s ]
NOTIC: [8] Undefined variable: face E:\www\weibo\App\Runtime\Cache\Home\00e52909bed743ea261af4b6823297ff.php 第 423 行.
SQL: SELECT `follow` FROM `mp_follow` WHERE `fans` = 1  [ RunTime:0.0006s ]
SQL: SELECT `uid`,`username`,`face50` AS `face`,COUNT(f.`follow`) AS `count` FROM `mp_follow` f LEFT JOIN `mp_userinfo` u ON f.`follow`=u.`uid` WHERE f.`fans` IN(2,3) AND f.`follow` NOT IN (2,3) AND f.`follow` <> 1 GROUP BY f.`follow` ORDER BY `count` DESC LIMIT 4 [ RunTime:0.0017s ]
NOTIC: [8] Undefined variable: face E:\www\weibo\App\Runtime\Cache\Home\00e52909bed743ea261af4b6823297ff.php 第 448 行.
INFO: Run Behavior\ParseTemplateBehavior [ RunTime:0.186140s ]
INFO: [ view_parse ] --END-- [ RunTime:0.186220s ]
INFO: [ view_filter ] --START--
INFO: Run Behavior\WriteHtmlCacheBehavior [ RunTime:0.000946s ]
INFO: [ view_filter ] --END-- [ RunTime:0.001032s ]
INFO: [ app_end ] --START--
INFO: Run Behavior\ShowPageTraceBehavior [ RunTime:0.001301s ]
INFO: [ app_end ] --END-- [ RunTime:0.001403s ]

[ 2017-09-05T20:19:36+08:00 ] ::1 /weibo/Home/Index/getMsg.html
INFO: [ app_init ] --START--
INFO: Run Behavior\BuildLiteBehavior [ RunTime:0.000029s ]
INFO: [ app_init ] --END-- [ RunTime:0.001150s ]
INFO: [ app_begin ] --START--
INFO: Run Behavior\ReadHtmlCacheBehavior [ RunTime:0.001304s ]
INFO: [ app_begin ] --END-- [ RunTime:0.001408s ]
INFO: [ app_end ] --START--
INFO: Run Behavior\ShowPageTraceBehavior [ RunTime:0.001206s ]
INFO: [ app_end ] --END-- [ RunTime:0.001318s ]

[ 2017-09-05T20:19:39+08:00 ] ::1 /weibo/Home/Index/getComment.html
INFO: [ app_init ] --START--
INFO: Run Behavior\BuildLiteBehavior [ RunTime:0.000019s ]
INFO: [ app_init ] --END-- [ RunTime:0.000701s ]
INFO: [ app_begin ] --START--
INFO: Run Behavior\ReadHtmlCacheBehavior [ RunTime:0.001374s ]
INFO: [ app_begin ] --END-- [ RunTime:0.001496s ]
SQL: SHOW COLUMNS FROM `mp_comment` [ RunTime:0.2133s ]
SQL: SELECT COUNT(*) AS tp_count FROM `mp_comment` WHERE `wid` = 15 LIMIT 1   [ RunTime:0.0005s ]
SQL: SHOW COLUMNS FROM `mp_comment` [ RunTime:0.0075s ]
SQL: SHOW COLUMNS FROM `mp_userinfo` [ RunTime:0.0138s ]
SQL: SELECT comment.id AS id,comment.content AS content,comment.time AS time,comment.wid AS wid,userinfo.username AS username,userinfo.face50 AS face,userinfo.uid AS uid FROM mp_comment comment LEFT JOIN mp_userinfo userinfo ON comment.uid = userinfo.uid WHERE comment.wid = '15' ORDER BY comment.time desc LIMIT 0,4   [ RunTime:0.0542s ]
INFO: [ app_end ] --START--
INFO: Run Behavior\ShowPageTraceBehavior [ RunTime:0.001122s ]
INFO: [ app_end ] --END-- [ RunTime:0.001199s ]

[ 2017-09-05T20:19:41+08:00 ] ::1 /weibo/Home/Index/getMsg.html
INFO: [ app_init ] --START--
INFO: Run Behavior\BuildLiteBehavior [ RunTime:0.000026s ]
INFO: [ app_init ] --END-- [ RunTime:0.000732s ]
INFO: [ app_begin ] --START--
INFO: Run Behavior\ReadHtmlCacheBehavior [ RunTime:0.001067s ]
INFO: [ app_begin ] --END-- [ RunTime:0.001166s ]
INFO: [ app_end ] --START--
INFO: Run Behavior\ShowPageTraceBehavior [ RunTime:0.001397s ]
INFO: [ app_end ] --END-- [ RunTime:0.001688s ]

[ 2017-09-05T20:19:46+08:00 ] ::1 /weibo/Home/Index/getMsg.html
INFO: [ app_init ] --START--
INFO: Run Behavior\BuildLiteBehavior [ RunTime:0.000020s ]
INFO: [ app_init ] --END-- [ RunTime:0.000666s ]
INFO: [ app_begin ] --START--
INFO: Run Behavior\ReadHtmlCacheBehavior [ RunTime:0.000823s ]
INFO: [ app_begin ] --END-- [ RunTime:0.000891s ]
INFO: [ app_end ] --START--
INFO: Run Behavior\ShowPageTraceBehavior [ RunTime:0.000926s ]
INFO: [ app_end ] --END-- [ RunTime:0.001010s ]

[ 2017-09-05T20:19:50+08:00 ] ::1 /weibo/Home/Index/comment.html
INFO: [ app_init ] --START--
INFO: Run Behavior\BuildLiteBehavior [ RunTime:0.000022s ]
INFO: [ app_init ] --END-- [ RunTime:0.000991s ]
INFO: [ app_begin ] --START--
INFO: Run Behavior\ReadHtmlCacheBehavior [ RunTime:0.000922s ]
INFO: [ app_begin ] --END-- [ RunTime:0.000993s ]
SQL: SHOW COLUMNS FROM `mp_comment` [ RunTime:0.0104s ]
SQL: INSERT INTO `mp_comment` (`content`,`time`,`uid`,`wid`) VALUES ('我给自己漂亮','1504613990','1','15') [ RunTime:0.0988s ]
SQL: SHOW COLUMNS FROM `mp_userinfo` [ RunTime:0.0110s ]
SQL: SELECT `username`,`face50` AS `face`,`uid` FROM `mp_userinfo` WHERE `uid` = 1 LIMIT 1   [ RunTime:0.0009s ]
SQL: SELECT `username` FROM `mp_userinfo` WHERE `uid` = 1 LIMIT 1   [ RunTime:0.0106s ]
SQL: SHOW COLUMNS FROM `mp_weibo` [ RunTime:0.0122s ]
SQL: UPDATE `mp_weibo` SET `comment`=comment+1 WHERE `id` = 15 [ RunTime:0.0291s ]
INFO: [ app_end ] --START--
INFO: Run Behavior\ShowPageTraceBehavior [ RunTime:0.001214s ]
INFO: [ app_end ] --END-- [ RunTime:0.001307s ]

[ 2017-09-05T20:19:51+08:00 ] ::1 /weibo/Home/Index/getMsg.html
INFO: [ app_init ] --START--
INFO: Run Behavior\BuildLiteBehavior [ RunTime:0.000018s ]
INFO: [ app_init ] --END-- [ RunTime:0.000632s ]
INFO: [ app_begin ] --START--
INFO: Run Behavior\ReadHtmlCacheBehavior [ RunTime:0.001018s ]
INFO: [ app_begin ] --END-- [ RunTime:0.001089s ]

[ 2017-09-05T20:19:56+08:00 ] ::1 /weibo/Home/Index/getMsg.html
INFO: [ app_init ] --START--
INFO: Run Behavior\BuildLiteBehavior [ RunTime:0.000023s ]
INFO: [ app_init ] --END-- [ RunTime:0.000918s ]
INFO: [ app_begin ] --START--
INFO: Run Behavior\ReadHtmlCacheBehavior [ RunTime:0.001033s ]
INFO: [ app_begin ] --END-- [ RunTime:0.001117s ]
INFO: [ app_end ] --START--
INFO: Run Behavior\ShowPageTraceBehavior [ RunTime:0.001512s ]
INFO: [ app_end ] --END-- [ RunTime:0.001646s ]

[ 2017-09-05T20:20:01+08:00 ] ::1 /weibo/Home/Index/getMsg.html
INFO: [ app_init ] --START--
INFO: Run Behavior\BuildLiteBehavior [ RunTime:0.000020s ]
INFO: [ app_init ] --END-- [ RunTime:0.000963s ]
INFO: [ app_begin ] --START--
INFO: Run Behavior\ReadHtmlCacheBehavior [ RunTime:0.000965s ]
INFO: [ app_begin ] --END-- [ RunTime:0.001054s ]
INFO: [ app_end ] --START--
INFO: Run Behavior\ShowPageTraceBehavior [ RunTime:0.001182s ]
INFO: [ app_end ] --END-- [ RunTime:0.001283s ]

[ 2017-09-05T20:20:07+08:00 ] ::1 /weibo/Home/Index/getMsg.html
INFO: [ app_init ] --START--
INFO: Run Behavior\BuildLiteBehavior [ RunTime:0.000036s ]
INFO: [ app_init ] --END-- [ RunTime:0.001200s ]
INFO: [ app_begin ] --START--
INFO: Run Behavior\ReadHtmlCacheBehavior [ RunTime:0.002931s ]
INFO: [ app_begin ] --END-- [ RunTime:0.003077s ]
INFO: [ app_end ] --START--
INFO: Run Behavior\ShowPageTraceBehavior [ RunTime:0.000941s ]
INFO: [ app_end ] --END-- [ RunTime:0.001035s ]

[ 2017-09-05T20:20:13+08:00 ] ::1 /weibo/Home/Index/getMsg.html
INFO: [ app_init ] --START--
INFO: Run Behavior\BuildLiteBehavior [ RunTime:0.000023s ]
INFO: [ app_init ] --END-- [ RunTime:0.000912s ]
INFO: [ app_begin ] --START--
INFO: Run Behavior\ReadHtmlCacheBehavior [ RunTime:0.001015s ]
INFO: [ app_begin ] --END-- [ RunTime:0.001096s ]
INFO: [ app_end ] --START--
INFO: Run Behavior\ShowPageTraceBehavior [ RunTime:0.001229s ]
INFO: [ app_end ] --END-- [ RunTime:0.001345s ]

[ 2017-09-05T20:20:18+08:00 ] ::1 /weibo/Home/Index/getMsg.html
INFO: [ app_init ] --START--
INFO: Run Behavior\BuildLiteBehavior [ RunTime:0.000019s ]
INFO: [ app_init ] --END-- [ RunTime:0.000646s ]
INFO: [ app_begin ] --START--
INFO: Run Behavior\ReadHtmlCacheBehavior [ RunTime:0.001245s ]
INFO: [ app_begin ] --END-- [ RunTime:0.001367s ]
INFO: [ app_end ] --START--
INFO: Run Behavior\ShowPageTraceBehavior [ RunTime:0.000981s ]
INFO: [ app_end ] --END-- [ RunTime:0.001062s ]

