[ 2017-08-28T08:34:47+08:00 ] ::1 /weibo/Public/Theme//Css/nav.css
INFO: [ app_init ] --START--
INFO: Run Behavior\BuildLiteBehavior [ RunTime:0.000029s ]
INFO: [ app_init ] --END-- [ RunTime:0.000929s ]
ERR: 无法加载模块:Public

[ 2017-08-28T08:34:47+08:00 ] ::1 /weibo/Public/Theme//Css/index.css
INFO: [ app_init ] --START--
INFO: Run Behavior\BuildLiteBehavior [ RunTime:0.000034s ]
INFO: [ app_init ] --END-- [ RunTime:0.001076s ]
ERR: 无法加载模块:Public

[ 2017-08-28T08:34:47+08:00 ] ::1 /weibo/Public/Uploadify/uploadify.css
INFO: [ app_init ] --START--
INFO: Run Behavior\BuildLiteBehavior [ RunTime:0.000035s ]
INFO: [ app_init ] --END-- [ RunTime:0.005814s ]
ERR: 无法加载模块:Public

[ 2017-08-28T08:34:47+08:00 ] ::1 /weibo/Public/Js/nav.js
INFO: [ app_init ] --START--
INFO: Run Behavior\BuildLiteBehavior [ RunTime:0.000028s ]
INFO: [ app_init ] --END-- [ RunTime:0.006419s ]
ERR: 无法加载模块:Public

[ 2017-08-28T08:34:47+08:00 ] ::1 /weibo/Public/Js/jquery-1.7.2.min.js
INFO: [ app_init ] --START--
INFO: Run Behavior\BuildLiteBehavior [ RunTime:0.001938s ]
INFO: [ app_init ] --END-- [ RunTime:0.012276s ]
ERR: 无法加载模块:Public

[ 2017-08-28T08:34:47+08:00 ] ::1 /weibo/Public/Uploadify/jquery.uploadify.min.js
INFO: [ app_init ] --START--
INFO: Run Behavior\BuildLiteBehavior [ RunTime:0.000059s ]
INFO: [ app_init ] --END-- [ RunTime:0.001342s ]
ERR: 无法加载模块:Public

[ 2017-08-28T08:34:47+08:00 ] ::1 /weibo/Public/Js/index.js
INFO: [ app_init ] --START--
INFO: Run Behavior\BuildLiteBehavior [ RunTime:0.000040s ]
INFO: [ app_init ] --END-- [ RunTime:0.000946s ]
ERR: 无法加载模块:Public

[ 2017-08-28T08:34:47+08:00 ] ::1 /weibo/Public/Theme//Css/bottom.css
INFO: [ app_init ] --START--
INFO: Run Behavior\BuildLiteBehavior [ RunTime:0.000029s ]
INFO: [ app_init ] --END-- [ RunTime:0.001206s ]
ERR: 无法加载模块:Public

[ 2017-08-28T08:34:47+08:00 ] ::1 /weibo/Public/Images/noface.gif
INFO: [ app_init ] --START--
INFO: Run Behavior\BuildLiteBehavior [ RunTime:0.000020s ]
INFO: [ app_init ] --END-- [ RunTime:0.000679s ]
ERR: 无法加载模块:Public

[ 2017-08-28T08:34:47+08:00 ] ::1 /weibo/Public/Js/nav.js
INFO: [ app_init ] --START--
INFO: Run Behavior\BuildLiteBehavior [ RunTime:0.000019s ]
INFO: [ app_init ] --END-- [ RunTime:0.000709s ]
ERR: 无法加载模块:Public

[ 2017-08-28T08:34:47+08:00 ] ::1 /weibo/Public/Images/phiz/hehe.gif
INFO: [ app_init ] --START--
INFO: Run Behavior\BuildLiteBehavior [ RunTime:0.000020s ]
INFO: [ app_init ] --END-- [ RunTime:0.000659s ]
ERR: 无法加载模块:Public

[ 2017-08-28T08:34:47+08:00 ] ::1 /weibo/Public/Uploadify/jquery.uploadify.min.js
INFO: [ app_init ] --START--
INFO: Run Behavior\BuildLiteBehavior [ RunTime:0.000020s ]
INFO: [ app_init ] --END-- [ RunTime:0.000776s ]
ERR: 无法加载模块:Public

[ 2017-08-28T08:34:47+08:00 ] ::1 /weibo/Public/Images/phiz/xixi.gif
INFO: [ app_init ] --START--
INFO: Run Behavior\BuildLiteBehavior [ RunTime:0.000029s ]
INFO: [ app_init ] --END-- [ RunTime:0.000917s ]
ERR: 无法加载模块:Public

[ 2017-08-28T08:34:47+08:00 ] ::1 /weibo/Public/Js/index.js
INFO: [ app_init ] --START--
INFO: Run Behavior\BuildLiteBehavior [ RunTime:0.000019s ]
INFO: [ app_init ] --END-- [ RunTime:0.000711s ]
ERR: 无法加载模块:Public

[ 2017-08-28T08:34:47+08:00 ] ::1 /weibo/Public/Images/phiz/haha.gif
INFO: [ app_init ] --START--
INFO: Run Behavior\BuildLiteBehavior [ RunTime:0.000021s ]
INFO: [ app_init ] --END-- [ RunTime:0.000709s ]
ERR: 无法加载模块:Public

[ 2017-08-28T08:34:47+08:00 ] ::1 /weibo/Public/Images/phiz/kelian.gif
INFO: [ app_init ] --START--
INFO: Run Behavior\BuildLiteBehavior [ RunTime:0.000029s ]
INFO: [ app_init ] --END-- [ RunTime:0.001134s ]
ERR: 无法加载模块:Public

[ 2017-08-28T08:34:47+08:00 ] ::1 /weibo/Public/Images/phiz/chijing.gif
INFO: [ app_init ] --START--
INFO: Run Behavior\BuildLiteBehavior [ RunTime:0.000059s ]
INFO: [ app_init ] --END-- [ RunTime:0.001167s ]
ERR: 无法加载模块:Public

[ 2017-08-28T08:34:47+08:00 ] ::1 /weibo/Public/Images/phiz/wabisi.gif
INFO: [ app_init ] --START--
INFO: Run Behavior\BuildLiteBehavior [ RunTime:0.000027s ]
INFO: [ app_init ] --END-- [ RunTime:0.001935s ]
ERR: 无法加载模块:Public

[ 2017-08-28T08:34:47+08:00 ] ::1 /weibo/Public/Images/phiz/keai.gif
INFO: [ app_init ] --START--
INFO: Run Behavior\BuildLiteBehavior [ RunTime:0.000030s ]
INFO: [ app_init ] --END-- [ RunTime:0.001520s ]
ERR: 无法加载模块:Public


[ 2017-08-28T08:34:47+08:00 ] ::1 /weibo/Public/Images/phiz/jiyan.gif
INFO: [ app_init ] --START--
INFO: Run Behavior\BuildLiteBehavior [ RunTime:0.000028s ]
INFO: [ app_init ] --END-- [ RunTime:0.000962s ]
ERR: 无法加载模块:Public

[ 2017-08-28T08:34:47+08:00 ] ::1 /weibo/Public/Images/phiz/aini.gif
INFO: [ app_init ] --START--
INFO: Run Behavior\BuildLiteBehavior [ RunTime:0.000032s ]
INFO: [ app_init ] --END-- [ RunTime:0.001200s ]
ERR: 无法加载模块:Public


[ 2017-08-28T08:34:47+08:00 ] ::1 /weibo/Public/Images/phiz/lei.gif
INFO: [ app_init ] --START--
INFO: Run Behavior\BuildLiteBehavior [ RunTime:0.000063s ]
INFO: [ app_init ] --END-- [ RunTime:0.001148s ]
ERR: 无法加载模块:Public

[ 2017-08-28T08:34:47+08:00 ] ::1 /weibo/Public/Images/phiz/shengbin.gif
INFO: [ app_init ] --START--
INFO: Run Behavior\BuildLiteBehavior [ RunTime:0.000028s ]
INFO: [ app_init ] --END-- [ RunTime:0.000997s ]
ERR: 无法加载模块:Public

[ 2017-08-28T08:34:47+08:00 ] ::1 /weibo/Public/Images/phiz/taikaixin.gif
INFO: [ app_init ] --START--
INFO: Run Behavior\BuildLiteBehavior [ RunTime:0.000026s ]
INFO: [ app_init ] --END-- [ RunTime:0.000976s ]
ERR: 无法加载模块:Public

[ 2017-08-28T08:34:47+08:00 ] ::1 /weibo/Public/Images/phiz/ldln.gif
INFO: [ app_init ] --START--
INFO: Run Behavior\BuildLiteBehavior [ RunTime:0.000037s ]
INFO: [ app_init ] --END-- [ RunTime:0.001245s ]
ERR: 无法加载模块:Public

[ 2017-08-28T08:34:47+08:00 ] ::1 /weibo/Public/Images/phiz/bizui.gif
INFO: [ app_init ] --START--
INFO: Run Behavior\BuildLiteBehavior [ RunTime:0.000029s ]
INFO: [ app_init ] --END-- [ RunTime:0.001005s ]
ERR: 无法加载模块:Public

[ 2017-08-28T08:34:47+08:00 ] ::1 /weibo/Public/Images/phiz/touxiao.gif
INFO: [ app_init ] --START--
INFO: Run Behavior\BuildLiteBehavior [ RunTime:0.000043s ]
INFO: [ app_init ] --END-- [ RunTime:0.002139s ]
ERR: 无法加载模块:Public

[ 2017-08-28T08:34:47+08:00 ] ::1 /weibo/Public/Images/phiz/qinqin.gif
INFO: [ app_init ] --START--
INFO: Run Behavior\BuildLiteBehavior [ RunTime:0.007086s ]
INFO: [ app_init ] --END-- [ RunTime:0.018267s ]
ERR: 无法加载模块:Public

[ 2017-08-28T08:34:47+08:00 ] ::1 /weibo/Public/Images/phiz/zuohenhen.gif
INFO: [ app_init ] --START--
INFO: Run Behavior\BuildLiteBehavior [ RunTime:0.000030s ]
INFO: [ app_init ] --END-- [ RunTime:0.001059s ]
ERR: 无法加载模块:Public

[ 2017-08-28T08:34:47+08:00 ] ::1 /weibo/Public/Images/style2.jpg
INFO: [ app_init ] --START--
INFO: Run Behavior\BuildLiteBehavior [ RunTime:0.000032s ]
INFO: [ app_init ] --END-- [ RunTime:0.000954s ]
ERR: 无法加载模块:Public

[ 2017-08-28T08:34:47+08:00 ] ::1 /weibo/Public/Images/default.jpg
INFO: [ app_init ] --START--
INFO: Run Behavior\BuildLiteBehavior [ RunTime:0.000040s ]
INFO: [ app_init ] --END-- [ RunTime:0.001241s ]
ERR: 无法加载模块:Public

[ 2017-08-28T08:34:47+08:00 ] ::1 /weibo/Public/Images/style3.jpg
INFO: [ app_init ] --START--
INFO: Run Behavior\BuildLiteBehavior [ RunTime:0.000029s ]
INFO: [ app_init ] --END-- [ RunTime:0.001067s ]
ERR: 无法加载模块:Public

[ 2017-08-28T08:34:47+08:00 ] ::1 /weibo/Public/Images/phiz/youhenhen.gif
INFO: [ app_init ] --START--
INFO: Run Behavior\BuildLiteBehavior [ RunTime:0.000031s ]
INFO: [ app_init ] --END-- [ RunTime:0.001052s ]
ERR: 无法加载模块:Public

[ 2017-08-28T08:34:47+08:00 ] ::1 /weibo/Public/Images/style4.jpg
INFO: [ app_init ] --START--
INFO: Run Behavior\BuildLiteBehavior [ RunTime:0.000027s ]
INFO: [ app_init ] --END-- [ RunTime:0.000945s ]
ERR: 无法加载模块:Public

[ 2017-08-28T08:34:47+08:00 ] ::1 /weibo/Public/Images/phiz/xiu.gif
INFO: [ app_init ] --START--
INFO: Run Behavior\BuildLiteBehavior [ RunTime:0.000029s ]
INFO: [ app_init ] --END-- [ RunTime:0.001042s ]
ERR: 无法加载模块:Public

[ 2017-08-28T08:34:47+08:00 ] ::1 /weibo/Public/Images/phiz/tu.gif
INFO: [ app_init ] --START--
INFO: Run Behavior\BuildLiteBehavior [ RunTime:0.000029s ]
INFO: [ app_init ] --END-- [ RunTime:0.001528s ]
ERR: 无法加载模块:Public

[ 2017-08-28T08:34:47+08:00 ] ::1 /weibo/Public/Images/phiz/shuai.gif
INFO: [ app_init ] --START--
INFO: Run Behavior\BuildLiteBehavior [ RunTime:0.000029s ]
INFO: [ app_init ] --END-- [ RunTime:0.000970s ]
ERR: 无法加载模块:Public

[ 2017-08-28T08:34:47+08:00 ] ::1 /weibo/Public/Images/phiz/weiqu.gif
INFO: [ app_init ] --START--
INFO: Run Behavior\BuildLiteBehavior [ RunTime:0.000030s ]
INFO: [ app_init ] --END-- [ RunTime:0.001056s ]
ERR: 无法加载模块:Public

[ 2017-08-28T08:34:47+08:00 ] ::1 /weibo/Public/Images/phiz/dahaqian.gif
INFO: [ app_init ] --START--
INFO: Run Behavior\BuildLiteBehavior [ RunTime:0.000030s ]
INFO: [ app_init ] --END-- [ RunTime:0.001173s ]
ERR: 无法加载模块:Public

[ 2017-08-28T08:34:48+08:00 ] ::1 /weibo/Public/Images/phiz/yiwen.gif
INFO: [ app_init ] --START--
INFO: Run Behavior\BuildLiteBehavior [ RunTime:0.000026s ]
INFO: [ app_init ] --END-- [ RunTime:0.000983s ]
ERR: 无法加载模块:Public

[ 2017-08-28T08:34:48+08:00 ] ::1 /weibo/Public/Images/phiz/baobao.gif
INFO: [ app_init ] --START--
INFO: Run Behavior\BuildLiteBehavior [ RunTime:0.000029s ]
INFO: [ app_init ] --END-- [ RunTime:0.001006s ]
ERR: 无法加载模块:Public

[ 2017-08-28T08:34:48+08:00 ] ::1 /weibo/Public/Images/phiz/sikao.gif
INFO: [ app_init ] --START--
INFO: Run Behavior\BuildLiteBehavior [ RunTime:0.000030s ]
INFO: [ app_init ] --END-- [ RunTime:0.001011s ]
ERR: 无法加载模块:Public

[ 2017-08-28T08:34:48+08:00 ] ::1 /weibo/Public/Images/phiz/han.gif
INFO: [ app_init ] --START--
INFO: Run Behavior\BuildLiteBehavior [ RunTime:0.000029s ]
INFO: [ app_init ] --END-- [ RunTime:0.001227s ]
ERR: 无法加载模块:Public

[ 2017-08-28T08:34:48+08:00 ] ::1 /weibo/Public/Images/phiz/shuijiao.gif
INFO: [ app_init ] --START--
INFO: Run Behavior\BuildLiteBehavior [ RunTime:0.000029s ]
INFO: [ app_init ] --END-- [ RunTime:0.001371s ]
ERR: 无法加载模块:Public

[ 2017-08-28T08:34:48+08:00 ] ::1 /weibo/Public/Images/phiz/nu.gif
INFO: [ app_init ] --START--
INFO: Run Behavior\BuildLiteBehavior [ RunTime:0.000028s ]
INFO: [ app_init ] --END-- [ RunTime:0.001385s ]
ERR: 无法加载模块:Public

[ 2017-08-28T08:34:48+08:00 ] ::1 /weibo/Public/Images/phiz/kun.gif
INFO: [ app_init ] --START--
INFO: Run Behavior\BuildLiteBehavior [ RunTime:0.000029s ]
INFO: [ app_init ] --END-- [ RunTime:0.000903s ]
ERR: 无法加载模块:Public

[ 2017-08-28T08:34:48+08:00 ] ::1 /weibo/Public/Images/phiz/canzui.gif
INFO: [ app_init ] --START--
INFO: Run Behavior\BuildLiteBehavior [ RunTime:0.000029s ]
INFO: [ app_init ] --END-- [ RunTime:0.001019s ]
ERR: 无法加载模块:Public

[ 2017-08-28T08:34:48+08:00 ] ::1 /weibo/Public/Images/phiz/qian.gif
INFO: [ app_init ] --START--
INFO: Run Behavior\BuildLiteBehavior [ RunTime:0.000031s ]
INFO: [ app_init ] --END-- [ RunTime:0.001061s ]
ERR: 无法加载模块:Public

[ 2017-08-28T08:34:48+08:00 ] ::1 /weibo/Public/Images/phiz/shiwang.gif
INFO: [ app_init ] --START--
INFO: Run Behavior\BuildLiteBehavior [ RunTime:0.000021s ]
INFO: [ app_init ] --END-- [ RunTime:0.000907s ]
ERR: 无法加载模块:Public

[ 2017-08-28T08:34:48+08:00 ] ::1 /weibo/Public/Images/phiz/ku.gif
INFO: [ app_init ] --START--
INFO: Run Behavior\BuildLiteBehavior [ RunTime:0.000045s ]
INFO: [ app_init ] --END-- [ RunTime:0.004395s ]
ERR: 无法加载模块:Public

[ 2017-08-28T08:34:48+08:00 ] ::1 /weibo/Public/Images/phiz/heng.gif
INFO: [ app_init ] --START--
INFO: Run Behavior\BuildLiteBehavior [ RunTime:0.000032s ]
INFO: [ app_init ] --END-- [ RunTime:0.001105s ]
ERR: 无法加载模块:Public

[ 2017-08-28T08:34:48+08:00 ] ::1 /weibo/Public/Images/phiz/huaxin.gif
INFO: [ app_init ] --START--
INFO: Run Behavior\BuildLiteBehavior [ RunTime:0.000028s ]
INFO: [ app_init ] --END-- [ RunTime:0.001030s ]
ERR: 无法加载模块:Public

[ 2017-08-28T08:34:48+08:00 ] ::1 /weibo/Public/Images/phiz/guzhang.gif
INFO: [ app_init ] --START--
INFO: Run Behavior\BuildLiteBehavior [ RunTime:0.000028s ]
INFO: [ app_init ] --END-- [ RunTime:0.001133s ]
ERR: 无法加载模块:Public

[ 2017-08-28T08:34:48+08:00 ] ::1 /weibo/Public/Images/phiz/heixian.gif
INFO: [ app_init ] --START--
INFO: Run Behavior\BuildLiteBehavior [ RunTime:0.000030s ]
INFO: [ app_init ] --END-- [ RunTime:0.001250s ]
ERR: 无法加载模块:Public

[ 2017-08-28T08:34:48+08:00 ] ::1 /weibo/Public/Images/phiz/zuakuang.gif
INFO: [ app_init ] --START--
INFO: Run Behavior\BuildLiteBehavior [ RunTime:0.000030s ]
INFO: [ app_init ] --END-- [ RunTime:0.001002s ]
ERR: 无法加载模块:Public

[ 2017-08-28T08:34:48+08:00 ] ::1 /weibo/Public/Images/phiz/yinxian.gif
INFO: [ app_init ] --START--
INFO: Run Behavior\BuildLiteBehavior [ RunTime:0.000028s ]
INFO: [ app_init ] --END-- [ RunTime:0.000932s ]
ERR: 无法加载模块:Public

[ 2017-08-28T08:34:48+08:00 ] ::1 /weibo/Public/Images/phiz/numa.gif
INFO: [ app_init ] --START--
INFO: Run Behavior\BuildLiteBehavior [ RunTime:0.000031s ]
INFO: [ app_init ] --END-- [ RunTime:0.000954s ]
ERR: 无法加载模块:Public

[ 2017-08-28T08:34:48+08:00 ] ::1 /weibo/Public/Images/phiz/xin.gif
INFO: [ app_init ] --START--
INFO: Run Behavior\BuildLiteBehavior [ RunTime:0.000028s ]
INFO: [ app_init ] --END-- [ RunTime:0.000917s ]
ERR: 无法加载模块:Public

[ 2017-08-28T08:34:48+08:00 ] ::1 /weibo/Public/Images/phiz/shuangxin.gif
INFO: [ app_init ] --START--
INFO: Run Behavior\BuildLiteBehavior [ RunTime:0.000030s ]
INFO: [ app_init ] --END-- [ RunTime:0.001033s ]
ERR: 无法加载模块:Public

[ 2017-08-28T08:34:48+08:00 ] ::1 /weibo/Public/Images/phiz/beishuang.gif
INFO: [ app_init ] --START--
INFO: Run Behavior\BuildLiteBehavior [ RunTime:0.000033s ]
INFO: [ app_init ] --END-- [ RunTime:0.001689s ]
ERR: 无法加载模块:Public

[ 2017-08-28T08:34:48+08:00 ] ::1 /weibo/Public/Images/noface.gif
INFO: [ app_init ] --START--
INFO: Run Behavior\BuildLiteBehavior [ RunTime:0.000029s ]
INFO: [ app_init ] --END-- [ RunTime:0.000952s ]
ERR: 无法加载模块:Public

[ 2017-08-28T08:34:48+08:00 ] ::1 /weibo/Public/Images/phiz/yun.gif
INFO: [ app_init ] --START--
INFO: Run Behavior\BuildLiteBehavior [ RunTime:0.000032s ]
INFO: [ app_init ] --END-- [ RunTime:0.008481s ]
ERR: 无法加载模块:Public

[ 2017-08-28T08:34:48+08:00 ] ::1 /weibo/Public/Images/phiz/hehe.gif
INFO: [ app_init ] --START--
INFO: Run Behavior\BuildLiteBehavior [ RunTime:0.000033s ]
INFO: [ app_init ] --END-- [ RunTime:0.001697s ]
ERR: 无法加载模块:Public

[ 2017-08-28T08:34:48+08:00 ] ::1 /weibo/Public/Images/phiz/xixi.gif
INFO: [ app_init ] --START--
INFO: Run Behavior\BuildLiteBehavior [ RunTime:0.000035s ]
INFO: [ app_init ] --END-- [ RunTime:0.001650s ]
ERR: 无法加载模块:Public

[ 2017-08-28T08:40:39+08:00 ] ::1 /weibo/Public/Home/Theme//Css/nav.css
INFO: [ app_init ] --START--
INFO: Run Behavior\BuildLiteBehavior [ RunTime:0.000034s ]
INFO: [ app_init ] --END-- [ RunTime:0.001181s ]
ERR: 无法加载模块:Public

[ 2017-08-28T08:40:39+08:00 ] ::1 /weibo/Public/Home/Theme//Css/index.css
INFO: [ app_init ] --START--
INFO: Run Behavior\BuildLiteBehavior [ RunTime:0.000024s ]
INFO: [ app_init ] --END-- [ RunTime:0.000822s ]
ERR: 无法加载模块:Public

[ 2017-08-28T08:40:39+08:00 ] ::1 /weibo/Public/Home/Theme//Css/bottom.css
INFO: [ app_init ] --START--
INFO: Run Behavior\BuildLiteBehavior [ RunTime:0.000017s ]
INFO: [ app_init ] --END-- [ RunTime:0.000661s ]
ERR: 无法加载模块:Public

[ 2017-08-28T08:40:39+08:00 ] ::1 /weibo/Public/Images/noface.gif
INFO: [ app_init ] --START--
INFO: Run Behavior\BuildLiteBehavior [ RunTime:0.000030s ]
INFO: [ app_init ] --END-- [ RunTime:0.001198s ]
ERR: 无法加载模块:Public

[ 2017-08-28T08:40:40+08:00 ] ::1 /weibo/Public/Images/phiz/xixi.gif
INFO: [ app_init ] --START--
INFO: Run Behavior\BuildLiteBehavior [ RunTime:0.000028s ]
INFO: [ app_init ] --END-- [ RunTime:0.001391s ]
ERR: 无法加载模块:Public

[ 2017-08-28T08:40:40+08:00 ] ::1 /weibo/Public/Images/phiz/haha.gif
INFO: [ app_init ] --START--
INFO: Run Behavior\BuildLiteBehavior [ RunTime:0.000032s ]
INFO: [ app_init ] --END-- [ RunTime:0.001065s ]
ERR: 无法加载模块:Public

[ 2017-08-28T08:40:40+08:00 ] ::1 /weibo/Public/Images/phiz/hehe.gif
INFO: [ app_init ] --START--
INFO: Run Behavior\BuildLiteBehavior [ RunTime:0.000028s ]
INFO: [ app_init ] --END-- [ RunTime:0.000974s ]
ERR: 无法加载模块:Public

[ 2017-08-28T08:40:40+08:00 ] ::1 /weibo/Public/Images/phiz/wabisi.gif
INFO: [ app_init ] --START--
INFO: Run Behavior\BuildLiteBehavior [ RunTime:0.000031s ]
INFO: [ app_init ] --END-- [ RunTime:0.000945s ]
ERR: 无法加载模块:Public

[ 2017-08-28T08:40:40+08:00 ] ::1 /weibo/Public/Images/phiz/haixiu.gif
INFO: [ app_init ] --START--
INFO: Run Behavior\BuildLiteBehavior [ RunTime:0.000024s ]
INFO: [ app_init ] --END-- [ RunTime:0.000897s ]
ERR: 无法加载模块:Public

[ 2017-08-28T08:40:40+08:00 ] ::1 /weibo/Public/Images/phiz/bizui.gif
INFO: [ app_init ] --START--
INFO: Run Behavior\BuildLiteBehavior [ RunTime:0.000035s ]
INFO: [ app_init ] --END-- [ RunTime:0.001235s ]
ERR: 无法加载模块:Public

[ 2017-08-28T08:40:40+08:00 ] ::1 /weibo/Public/Images/style4.jpg
INFO: [ app_init ] --START--
INFO: Run Behavior\BuildLiteBehavior [ RunTime:0.000031s ]
INFO: [ app_init ] --END-- [ RunTime:0.000964s ]
ERR: 无法加载模块:Public

[ 2017-08-28T08:40:40+08:00 ] ::1 /weibo/Public/Images/phiz/keai.gif
INFO: [ app_init ] --START--
INFO: Run Behavior\BuildLiteBehavior [ RunTime:0.000029s ]
INFO: [ app_init ] --END-- [ RunTime:0.001078s ]
ERR: 无法加载模块:Public

[ 2017-08-28T08:40:40+08:00 ] ::1 /weibo/Public/Images/style2.jpg
INFO: [ app_init ] --START--
INFO: Run Behavior\BuildLiteBehavior [ RunTime:0.000030s ]
INFO: [ app_init ] --END-- [ RunTime:0.001060s ]
ERR: 无法加载模块:Public

[ 2017-08-28T08:40:40+08:00 ] ::1 /weibo/Public/Images/phiz/jiyan.gif
INFO: [ app_init ] --START--
INFO: Run Behavior\BuildLiteBehavior [ RunTime:0.000033s ]
INFO: [ app_init ] --END-- [ RunTime:0.001054s ]
ERR: 无法加载模块:Public

[ 2017-08-28T08:40:40+08:00 ] ::1 /weibo/Public/Images/phiz/chijing.gif
INFO: [ app_init ] --START--
INFO: Run Behavior\BuildLiteBehavior [ RunTime:0.000030s ]
INFO: [ app_init ] --END-- [ RunTime:0.001001s ]
ERR: 无法加载模块:Public

[ 2017-08-28T08:40:40+08:00 ] ::1 /weibo/Public/Images/style3.jpg
INFO: [ app_init ] --START--
INFO: Run Behavior\BuildLiteBehavior [ RunTime:0.000034s ]
INFO: [ app_init ] --END-- [ RunTime:0.001140s ]
ERR: 无法加载模块:Public

[ 2017-08-28T08:40:40+08:00 ] ::1 /weibo/Public/Images/phiz/bishi.gif
INFO: [ app_init ] --START--
INFO: Run Behavior\BuildLiteBehavior [ RunTime:0.000049s ]
INFO: [ app_init ] --END-- [ RunTime:0.002646s ]
ERR: 无法加载模块:Public

[ 2017-08-28T08:40:40+08:00 ] ::1 /weibo/Public/Images/phiz/aini.gif
INFO: [ app_init ] --START--
INFO: Run Behavior\BuildLiteBehavior [ RunTime:0.000029s ]
INFO: [ app_init ] --END-- [ RunTime:0.001011s ]
ERR: 无法加载模块:Public

[ 2017-08-28T08:40:40+08:00 ] ::1 /weibo/Public/Images/phiz/kelian.gif
INFO: [ app_init ] --START--
INFO: Run Behavior\BuildLiteBehavior [ RunTime:0.000037s ]
INFO: [ app_init ] --END-- [ RunTime:0.001254s ]
ERR: 无法加载模块:Public

[ 2017-08-28T08:40:40+08:00 ] ::1 /weibo/Public/Images/default.jpg
INFO: [ app_init ] --START--
INFO: Run Behavior\BuildLiteBehavior [ RunTime:0.000031s ]
INFO: [ app_init ] --END-- [ RunTime:0.001117s ]
ERR: 无法加载模块:Public

[ 2017-08-28T08:40:40+08:00 ] ::1 /weibo/Public/Images/phiz/touxiao.gif
INFO: [ app_init ] --START--
INFO: Run Behavior\BuildLiteBehavior [ RunTime:0.000029s ]
INFO: [ app_init ] --END-- [ RunTime:0.000984s ]
ERR: 无法加载模块:Public

[ 2017-08-28T08:40:40+08:00 ] ::1 /weibo/Public/Images/phiz/lei.gif
INFO: [ app_init ] --START--
INFO: Run Behavior\BuildLiteBehavior [ RunTime:0.000025s ]
INFO: [ app_init ] --END-- [ RunTime:0.000711s ]
ERR: 无法加载模块:Public

[ 2017-08-28T08:40:40+08:00 ] ::1 /weibo/Public/Images/phiz/qinqin.gif
INFO: [ app_init ] --START--
INFO: Run Behavior\BuildLiteBehavior [ RunTime:0.000020s ]
INFO: [ app_init ] --END-- [ RunTime:0.000895s ]
ERR: 无法加载模块:Public

[ 2017-08-28T08:40:40+08:00 ] ::1 /weibo/Public/Images/phiz/shengbin.gif
INFO: [ app_init ] --START--
INFO: Run Behavior\BuildLiteBehavior [ RunTime:0.000027s ]
INFO: [ app_init ] --END-- [ RunTime:0.033465s ]
ERR: 无法加载模块:Public

[ 2017-08-28T08:40:40+08:00 ] ::1 /weibo/Public/Images/phiz/youhenhen.gif
INFO: [ app_init ] --START--
INFO: Run Behavior\BuildLiteBehavior [ RunTime:0.000028s ]
INFO: [ app_init ] --END-- [ RunTime:0.031398s ]
ERR: 无法加载模块:Public

[ 2017-08-28T08:40:40+08:00 ] ::1 /weibo/Public/Images/phiz/xiu.gif
INFO: [ app_init ] --START--
INFO: Run Behavior\BuildLiteBehavior [ RunTime:0.000035s ]
INFO: [ app_init ] --END-- [ RunTime:0.001072s ]
ERR: 无法加载模块:Public

[ 2017-08-28T08:40:40+08:00 ] ::1 /weibo/Public/Images/phiz/taikaixin.gif
INFO: [ app_init ] --START--
INFO: Run Behavior\BuildLiteBehavior [ RunTime:0.000028s ]
INFO: [ app_init ] --END-- [ RunTime:0.043991s ]
ERR: 无法加载模块:Public

[ 2017-08-28T08:40:40+08:00 ] ::1 /weibo/Public/Images/phiz/ldln.gif
INFO: [ app_init ] --START--
INFO: Run Behavior\BuildLiteBehavior [ RunTime:0.000041s ]
INFO: [ app_init ] --END-- [ RunTime:0.004119s ]
ERR: 无法加载模块:Public

[ 2017-08-28T08:40:40+08:00 ] ::1 /weibo/Public/Images/phiz/tu.gif
INFO: [ app_init ] --START--
INFO: Run Behavior\BuildLiteBehavior [ RunTime:0.000035s ]
INFO: [ app_init ] --END-- [ RunTime:0.000986s ]
ERR: 无法加载模块:Public

[ 2017-08-28T08:40:40+08:00 ] ::1 /weibo/Public/Images/phiz/dahaqian.gif
INFO: [ app_init ] --START--
INFO: Run Behavior\BuildLiteBehavior [ RunTime:0.000026s ]
INFO: [ app_init ] --END-- [ RunTime:0.000887s ]
ERR: 无法加载模块:Public

[ 2017-08-28T08:40:40+08:00 ] ::1 /weibo/Public/Images/phiz/zuohenhen.gif
INFO: [ app_init ] --START--
INFO: Run Behavior\BuildLiteBehavior [ RunTime:0.000033s ]
INFO: [ app_init ] --END-- [ RunTime:0.001411s ]
ERR: 无法加载模块:Public

[ 2017-08-28T08:40:40+08:00 ] ::1 /weibo/Public/Images/phiz/nu.gif
INFO: [ app_init ] --START--
INFO: Run Behavior\BuildLiteBehavior [ RunTime:0.000030s ]
INFO: [ app_init ] --END-- [ RunTime:0.000920s ]
ERR: 无法加载模块:Public

[ 2017-08-28T08:40:40+08:00 ] ::1 /weibo/Public/Images/phiz/baobao.gif
INFO: [ app_init ] --START--
INFO: Run Behavior\BuildLiteBehavior [ RunTime:0.000032s ]
INFO: [ app_init ] --END-- [ RunTime:0.001384s ]
ERR: 无法加载模块:Public

[ 2017-08-28T08:40:40+08:00 ] ::1 /weibo/Public/Images/phiz/canzui.gif
INFO: [ app_init ] --START--
INFO: Run Behavior\BuildLiteBehavior [ RunTime:0.000035s ]
INFO: [ app_init ] --END-- [ RunTime:0.001079s ]
ERR: 无法加载模块:Public

[ 2017-08-28T08:40:40+08:00 ] ::1 /weibo/Public/Images/phiz/shuai.gif
INFO: [ app_init ] --START--
INFO: Run Behavior\BuildLiteBehavior [ RunTime:0.000037s ]
INFO: [ app_init ] --END-- [ RunTime:0.001212s ]
ERR: 无法加载模块:Public

[ 2017-08-28T08:40:40+08:00 ] ::1 /weibo/Public/Images/phiz/sikao.gif
INFO: [ app_init ] --START--
INFO: Run Behavior\BuildLiteBehavior [ RunTime:0.000048s ]
INFO: [ app_init ] --END-- [ RunTime:0.002762s ]
ERR: 无法加载模块:Public

[ 2017-08-28T08:40:40+08:00 ] ::1 /weibo/Public/Images/phiz/han.gif
INFO: [ app_init ] --START--
INFO: Run Behavior\BuildLiteBehavior [ RunTime:0.000041s ]
INFO: [ app_init ] --END-- [ RunTime:0.002514s ]
ERR: 无法加载模块:Public

[ 2017-08-28T08:40:40+08:00 ] ::1 /weibo/Public/Images/phiz/yiwen.gif
INFO: [ app_init ] --START--
INFO: Run Behavior\BuildLiteBehavior [ RunTime:0.000030s ]
INFO: [ app_init ] --END-- [ RunTime:0.001124s ]
ERR: 无法加载模块:Public

[ 2017-08-28T08:40:41+08:00 ] ::1 /weibo/Public/Images/phiz/qian.gif
INFO: [ app_init ] --START--
INFO: Run Behavior\BuildLiteBehavior [ RunTime:0.000036s ]
INFO: [ app_init ] --END-- [ RunTime:0.001679s ]
ERR: 无法加载模块:Public

[ 2017-08-28T08:40:41+08:00 ] ::1 /weibo/Public/Images/phiz/weiqu.gif
INFO: [ app_init ] --START--
INFO: Run Behavior\BuildLiteBehavior [ RunTime:0.000031s ]
INFO: [ app_init ] --END-- [ RunTime:0.001768s ]
ERR: 无法加载模块:Public

[ 2017-08-28T08:40:41+08:00 ] ::1 /weibo/Public/Images/phiz/baibai.gif
INFO: [ app_init ] --START--
INFO: Run Behavior\BuildLiteBehavior [ RunTime:0.000034s ]
INFO: [ app_init ] --END-- [ RunTime:0.005003s ]
ERR: 无法加载模块:Public

[ 2017-08-28T08:40:41+08:00 ] ::1 /weibo/Public/Images/phiz/shiwang.gif
INFO: [ app_init ] --START--
INFO: Run Behavior\BuildLiteBehavior [ RunTime:0.000029s ]
INFO: [ app_init ] --END-- [ RunTime:0.001446s ]
ERR: 无法加载模块:Public

[ 2017-08-28T08:40:41+08:00 ] ::1 /weibo/Public/Images/phiz/kun.gif
INFO: [ app_init ] --START--
INFO: Run Behavior\BuildLiteBehavior [ RunTime:0.000030s ]
INFO: [ app_init ] --END-- [ RunTime:0.000987s ]
ERR: 无法加载模块:Public

[ 2017-08-28T08:40:41+08:00 ] ::1 /weibo/Public/Images/phiz/shuijiao.gif
INFO: [ app_init ] --START--
INFO: Run Behavior\BuildLiteBehavior [ RunTime:0.000019s ]
INFO: [ app_init ] --END-- [ RunTime:0.000635s ]
ERR: 无法加载模块:Public

[ 2017-08-28T08:40:41+08:00 ] ::1 /weibo/Public/Images/phiz/ku.gif
INFO: [ app_init ] --START--
INFO: Run Behavior\BuildLiteBehavior [ RunTime:0.000032s ]
INFO: [ app_init ] --END-- [ RunTime:0.004056s ]
ERR: 无法加载模块:Public

[ 2017-08-28T08:40:41+08:00 ] ::1 /weibo/Public/Images/phiz/huaxin.gif
INFO: [ app_init ] --START--
INFO: Run Behavior\BuildLiteBehavior [ RunTime:0.000032s ]
INFO: [ app_init ] --END-- [ RunTime:0.001157s ]
ERR: 无法加载模块:Public

[ 2017-08-28T08:40:41+08:00 ] ::1 /weibo/Public/Images/phiz/heng.gif
INFO: [ app_init ] --START--
INFO: Run Behavior\BuildLiteBehavior [ RunTime:0.000029s ]
INFO: [ app_init ] --END-- [ RunTime:0.001133s ]
ERR: 无法加载模块:Public

[ 2017-08-28T08:40:41+08:00 ] ::1 /weibo/Public/Images/phiz/guzhang.gif
INFO: [ app_init ] --START--
INFO: Run Behavior\BuildLiteBehavior [ RunTime:0.000027s ]
INFO: [ app_init ] --END-- [ RunTime:0.002622s ]
ERR: 无法加载模块:Public

[ 2017-08-28T08:40:41+08:00 ] ::1 /weibo/Public/Images/phiz/yun.gif
INFO: [ app_init ] --START--
INFO: Run Behavior\BuildLiteBehavior [ RunTime:0.000378s ]
INFO: [ app_init ] --END-- [ RunTime:0.002212s ]
ERR: 无法加载模块:Public

[ 2017-08-28T08:40:41+08:00 ] ::1 /weibo/Public/Images/phiz/beishuang.gif
INFO: [ app_init ] --START--
INFO: Run Behavior\BuildLiteBehavior [ RunTime:0.000033s ]
INFO: [ app_init ] --END-- [ RunTime:0.001477s ]
ERR: 无法加载模块:Public

[ 2017-08-28T08:40:41+08:00 ] ::1 /weibo/Public/Images/phiz/zuakuang.gif
INFO: [ app_init ] --START--
INFO: Run Behavior\BuildLiteBehavior [ RunTime:0.000036s ]
INFO: [ app_init ] --END-- [ RunTime:0.001677s ]
ERR: 无法加载模块:Public

[ 2017-08-28T08:40:41+08:00 ] ::1 /weibo/Public/Images/phiz/heixian.gif
INFO: [ app_init ] --START--
INFO: Run Behavior\BuildLiteBehavior [ RunTime:0.000034s ]
INFO: [ app_init ] --END-- [ RunTime:0.001377s ]
ERR: 无法加载模块:Public

[ 2017-08-28T08:40:41+08:00 ] ::1 /weibo/Public/Images/phiz/yinxian.gif
INFO: [ app_init ] --START--
INFO: Run Behavior\BuildLiteBehavior [ RunTime:0.000032s ]
INFO: [ app_init ] --END-- [ RunTime:0.001128s ]
ERR: 无法加载模块:Public

[ 2017-08-28T08:40:41+08:00 ] ::1 /weibo/Public/Images/phiz/numa.gif
INFO: [ app_init ] --START--
INFO: Run Behavior\BuildLiteBehavior [ RunTime:0.000038s ]
INFO: [ app_init ] --END-- [ RunTime:0.001009s ]
ERR: 无法加载模块:Public

[ 2017-08-28T08:40:41+08:00 ] ::1 /weibo/Public/Images/phiz/xin.gif
INFO: [ app_init ] --START--
INFO: Run Behavior\BuildLiteBehavior [ RunTime:0.000028s ]
INFO: [ app_init ] --END-- [ RunTime:0.000975s ]
ERR: 无法加载模块:Public

[ 2017-08-28T08:40:41+08:00 ] ::1 /weibo/Public/Images/phiz/shuangxin.gif
INFO: [ app_init ] --START--
INFO: Run Behavior\BuildLiteBehavior [ RunTime:0.000029s ]
INFO: [ app_init ] --END-- [ RunTime:0.001016s ]
ERR: 无法加载模块:Public

[ 2017-08-28T08:40:41+08:00 ] ::1 /weibo/Public/Uploadify/browse-btn.png
INFO: [ app_init ] --START--
INFO: Run Behavior\BuildLiteBehavior [ RunTime:0.000036s ]
INFO: [ app_init ] --END-- [ RunTime:0.001165s ]
ERR: 无法加载模块:Public

[ 2017-08-28T08:40:41+08:00 ] ::1 /weibo/Public/Images/noface.gif
INFO: [ app_init ] --START--
INFO: Run Behavior\BuildLiteBehavior [ RunTime:0.000031s ]
INFO: [ app_init ] --END-- [ RunTime:0.000992s ]
ERR: 无法加载模块:Public

[ 2017-08-28T08:40:42+08:00 ] ::1 /weibo/Public/Uploadify/uploadify.swf?preventswfcaching=1503880840310
INFO: [ app_init ] --START--
INFO: Run Behavior\BuildLiteBehavior [ RunTime:0.000031s ]
INFO: [ app_init ] --END-- [ RunTime:0.001022s ]
ERR: 无法加载模块:Public

[ 2017-08-28T08:40:47+08:00 ] ::1 /weibo/Public/Home/Theme//Css/nav.css
INFO: [ app_init ] --START--
INFO: Run Behavior\BuildLiteBehavior [ RunTime:0.000032s ]
INFO: [ app_init ] --END-- [ RunTime:0.000971s ]
ERR: 无法加载模块:Public

[ 2017-08-28T08:40:47+08:00 ] ::1 /weibo/Public/Home/Theme//Css/index.css
INFO: [ app_init ] --START--
INFO: Run Behavior\BuildLiteBehavior [ RunTime:0.000028s ]
INFO: [ app_init ] --END-- [ RunTime:0.000986s ]
ERR: 无法加载模块:Public

[ 2017-08-28T08:40:47+08:00 ] ::1 /weibo/Public/Home/Theme//Css/bottom.css
INFO: [ app_init ] --START--
INFO: Run Behavior\BuildLiteBehavior [ RunTime:0.000034s ]
INFO: [ app_init ] --END-- [ RunTime:0.002144s ]
ERR: 无法加载模块:Public

[ 2017-08-28T08:41:19+08:00 ] ::1 /weibo/Public/Home/Theme//Css/nav.css
INFO: [ app_init ] --START--
INFO: Run Behavior\BuildLiteBehavior [ RunTime:0.000031s ]
INFO: [ app_init ] --END-- [ RunTime:0.001089s ]
ERR: 无法加载模块:Public

[ 2017-08-28T08:41:19+08:00 ] ::1 /weibo/Public/Home/Theme//Css/index.css
INFO: [ app_init ] --START--
INFO: Run Behavior\BuildLiteBehavior [ RunTime:0.000021s ]
INFO: [ app_init ] --END-- [ RunTime:0.001256s ]
ERR: 无法加载模块:Public

[ 2017-08-28T08:41:19+08:00 ] ::1 /weibo/Public/Home/Theme//Css/bottom.css
INFO: [ app_init ] --START--
INFO: Run Behavior\BuildLiteBehavior [ RunTime:0.000027s ]
INFO: [ app_init ] --END-- [ RunTime:0.001067s ]
ERR: 无法加载模块:Public

[ 2017-08-28T08:41:19+08:00 ] ::1 /weibo/Public/Images/phiz/hehe.gif
INFO: [ app_init ] --START--
INFO: Run Behavior\BuildLiteBehavior [ RunTime:0.000031s ]
INFO: [ app_init ] --END-- [ RunTime:0.001509s ]
ERR: 无法加载模块:Public

[ 2017-08-28T08:41:19+08:00 ] ::1 /weibo/Public/Images/phiz/xixi.gif
INFO: [ app_init ] --START--
INFO: Run Behavior\BuildLiteBehavior [ RunTime:0.000029s ]
INFO: [ app_init ] --END-- [ RunTime:0.001505s ]
ERR: 无法加载模块:Public

[ 2017-08-28T08:41:19+08:00 ] ::1 /weibo/Public/Images/phiz/kelian.gif
INFO: [ app_init ] --START--
INFO: Run Behavior\BuildLiteBehavior [ RunTime:0.000039s ]
INFO: [ app_init ] --END-- [ RunTime:0.001141s ]
ERR: 无法加载模块:Public

[ 2017-08-28T08:41:19+08:00 ] ::1 /weibo/Public/Images/phiz/wabisi.gif
INFO: [ app_init ] --START--
INFO: Run Behavior\BuildLiteBehavior [ RunTime:0.000044s ]
INFO: [ app_init ] --END-- [ RunTime:0.002130s ]
ERR: 无法加载模块:Public

[ 2017-08-28T08:41:19+08:00 ] ::1 /weibo/Public/Images/phiz/haha.gif
INFO: [ app_init ] --START--
INFO: Run Behavior\BuildLiteBehavior [ RunTime:0.000031s ]
INFO: [ app_init ] --END-- [ RunTime:0.001442s ]
ERR: 无法加载模块:Public

[ 2017-08-28T08:41:19+08:00 ] ::1 /weibo/Public/Images/phiz/haixiu.gif
INFO: [ app_init ] --START--
INFO: Run Behavior\BuildLiteBehavior [ RunTime:0.000029s ]
INFO: [ app_init ] --END-- [ RunTime:0.001002s ]
ERR: 无法加载模块:Public

[ 2017-08-28T08:41:19+08:00 ] ::1 /weibo/Public/Images/phiz/chijing.gif
INFO: [ app_init ] --START--
INFO: Run Behavior\BuildLiteBehavior [ RunTime:0.000029s ]
INFO: [ app_init ] --END-- [ RunTime:0.000922s ]
ERR: 无法加载模块:Public

[ 2017-08-28T08:41:19+08:00 ] ::1 /weibo/Public/Images/phiz/keai.gif
INFO: [ app_init ] --START--
INFO: Run Behavior\BuildLiteBehavior [ RunTime:0.003005s ]
INFO: [ app_init ] --END-- [ RunTime:0.016687s ]
ERR: 无法加载模块:Public

[ 2017-08-28T08:41:19+08:00 ] ::1 /weibo/Public/Images/phiz/jiyan.gif
INFO: [ app_init ] --START--
INFO: Run Behavior\BuildLiteBehavior [ RunTime:0.000028s ]
INFO: [ app_init ] --END-- [ RunTime:0.002899s ]
ERR: 无法加载模块:Public

[ 2017-08-28T08:41:19+08:00 ] ::1 /weibo/Public/Images/phiz/bizui.gif
INFO: [ app_init ] --START--
INFO: Run Behavior\BuildLiteBehavior [ RunTime:0.000028s ]
INFO: [ app_init ] --END-- [ RunTime:0.001507s ]
ERR: 无法加载模块:Public

[ 2017-08-28T08:41:19+08:00 ] ::1 /weibo/Public/Images/phiz/aini.gif
INFO: [ app_init ] --START--
INFO: Run Behavior\BuildLiteBehavior [ RunTime:0.000028s ]
INFO: [ app_init ] --END-- [ RunTime:0.001015s ]
ERR: 无法加载模块:Public

[ 2017-08-28T08:41:19+08:00 ] ::1 /weibo/Public/Images/phiz/lei.gif
INFO: [ app_init ] --START--
INFO: Run Behavior\BuildLiteBehavior [ RunTime:0.000032s ]
INFO: [ app_init ] --END-- [ RunTime:0.001344s ]
ERR: 无法加载模块:Public

[ 2017-08-28T08:41:19+08:00 ] ::1 /weibo/Public/Images/phiz/bishi.gif
INFO: [ app_init ] --START--
INFO: Run Behavior\BuildLiteBehavior [ RunTime:0.000033s ]
INFO: [ app_init ] --END-- [ RunTime:0.001034s ]
ERR: 无法加载模块:Public

[ 2017-08-28T08:41:19+08:00 ] ::1 /weibo/Public/Images/phiz/touxiao.gif
INFO: [ app_init ] --START--
INFO: Run Behavior\BuildLiteBehavior [ RunTime:0.000029s ]
INFO: [ app_init ] --END-- [ RunTime:0.001487s ]
ERR: 无法加载模块:Public

[ 2017-08-28T08:41:19+08:00 ] ::1 /weibo/Public/Images/phiz/qinqin.gif
INFO: [ app_init ] --START--
INFO: Run Behavior\BuildLiteBehavior [ RunTime:0.000029s ]
INFO: [ app_init ] --END-- [ RunTime:0.001835s ]
ERR: 无法加载模块:Public

[ 2017-08-28T08:41:19+08:00 ] ::1 /weibo/Public/Images/noface.gif
INFO: [ app_init ] --START--
INFO: Run Behavior\BuildLiteBehavior [ RunTime:0.000031s ]
INFO: [ app_init ] --END-- [ RunTime:0.001011s ]
ERR: 无法加载模块:Public

[ 2017-08-28T08:41:19+08:00 ] ::1 /weibo/Public/Images/phiz/shengbin.gif
INFO: [ app_init ] --START--
INFO: Run Behavior\BuildLiteBehavior [ RunTime:0.000026s ]
INFO: [ app_init ] --END-- [ RunTime:0.000965s ]
ERR: 无法加载模块:Public

[ 2017-08-28T08:41:20+08:00 ] ::1 /weibo/Public/Images/phiz/ldln.gif
INFO: [ app_init ] --START--
INFO: Run Behavior\BuildLiteBehavior [ RunTime:0.000029s ]
INFO: [ app_init ] --END-- [ RunTime:0.000934s ]
ERR: 无法加载模块:Public

[ 2017-08-28T08:41:20+08:00 ] ::1 /weibo/Public/Images/phiz/youhenhen.gif
INFO: [ app_init ] --START--
INFO: Run Behavior\BuildLiteBehavior [ RunTime:0.000033s ]
INFO: [ app_init ] --END-- [ RunTime:0.001171s ]
ERR: 无法加载模块:Public

[ 2017-08-28T08:41:20+08:00 ] ::1 /weibo/Public/Images/phiz/zuohenhen.gif
INFO: [ app_init ] --START--
INFO: Run Behavior\BuildLiteBehavior [ RunTime:0.000034s ]
INFO: [ app_init ] --END-- [ RunTime:0.001161s ]
ERR: 无法加载模块:Public

[ 2017-08-28T08:41:20+08:00 ] ::1 /weibo/Public/Images/phiz/taikaixin.gif
INFO: [ app_init ] --START--
INFO: Run Behavior\BuildLiteBehavior [ RunTime:0.000030s ]
INFO: [ app_init ] --END-- [ RunTime:0.001344s ]
ERR: 无法加载模块:Public

[ 2017-08-28T08:41:20+08:00 ] ::1 /weibo/Public/Images/phiz/shuai.gif
INFO: [ app_init ] --START--
INFO: Run Behavior\BuildLiteBehavior [ RunTime:0.000032s ]
INFO: [ app_init ] --END-- [ RunTime:0.001501s ]
ERR: 无法加载模块:Public

[ 2017-08-28T08:41:20+08:00 ] ::1 /weibo/Public/Images/phiz/xiu.gif
INFO: [ app_init ] --START--
INFO: Run Behavior\BuildLiteBehavior [ RunTime:0.000028s ]
INFO: [ app_init ] --END-- [ RunTime:0.001279s ]
ERR: 无法加载模块:Public

[ 2017-08-28T08:41:20+08:00 ] ::1 /weibo/Public/Images/phiz/weiqu.gif
INFO: [ app_init ] --START--
INFO: Run Behavior\BuildLiteBehavior [ RunTime:0.000029s ]
INFO: [ app_init ] --END-- [ RunTime:0.000937s ]
ERR: 无法加载模块:Public

[ 2017-08-28T08:41:20+08:00 ] ::1 /weibo/Public/Images/phiz/dahaqian.gif
INFO: [ app_init ] --START--
INFO: Run Behavior\BuildLiteBehavior [ RunTime:0.000034s ]
INFO: [ app_init ] --END-- [ RunTime:0.002242s ]
ERR: 无法加载模块:Public

[ 2017-08-28T08:41:20+08:00 ] ::1 /weibo/Public/Images/phiz/baobao.gif
INFO: [ app_init ] --START--
INFO: Run Behavior\BuildLiteBehavior [ RunTime:0.000029s ]
INFO: [ app_init ] --END-- [ RunTime:0.000943s ]
ERR: 无法加载模块:Public

[ 2017-08-28T08:41:20+08:00 ] ::1 /weibo/Public/Images/phiz/tu.gif
INFO: [ app_init ] --START--
INFO: Run Behavior\BuildLiteBehavior [ RunTime:0.000028s ]
INFO: [ app_init ] --END-- [ RunTime:0.001200s ]
ERR: 无法加载模块:Public

[ 2017-08-28T08:41:20+08:00 ] ::1 /weibo/Public/Images/phiz/nu.gif
INFO: [ app_init ] --START--
INFO: Run Behavior\BuildLiteBehavior [ RunTime:0.000035s ]
INFO: [ app_init ] --END-- [ RunTime:0.001387s ]
ERR: 无法加载模块:Public

[ 2017-08-28T08:41:20+08:00 ] ::1 /weibo/Public/Images/phiz/yiwen.gif
INFO: [ app_init ] --START--
INFO: Run Behavior\BuildLiteBehavior [ RunTime:0.000031s ]
INFO: [ app_init ] --END-- [ RunTime:0.001047s ]
ERR: 无法加载模块:Public

[ 2017-08-28T08:41:20+08:00 ] ::1 /weibo/Public/Images/phiz/sikao.gif
INFO: [ app_init ] --START--
INFO: Run Behavior\BuildLiteBehavior [ RunTime:0.000031s ]
INFO: [ app_init ] --END-- [ RunTime:0.001181s ]
ERR: 无法加载模块:Public

[ 2017-08-28T08:41:20+08:00 ] ::1 /weibo/Public/Images/phiz/baibai.gif
INFO: [ app_init ] --START--
INFO: Run Behavior\BuildLiteBehavior [ RunTime:0.000028s ]
INFO: [ app_init ] --END-- [ RunTime:0.001024s ]
ERR: 无法加载模块:Public

[ 2017-08-28T08:41:20+08:00 ] ::1 /weibo/Public/Images/phiz/han.gif
INFO: [ app_init ] --START--
INFO: Run Behavior\BuildLiteBehavior [ RunTime:0.000080s ]
INFO: [ app_init ] --END-- [ RunTime:0.001068s ]
ERR: 无法加载模块:Public

[ 2017-08-28T08:41:20+08:00 ] ::1 /weibo/Public/Images/phiz/shuijiao.gif
INFO: [ app_init ] --START--
INFO: Run Behavior\BuildLiteBehavior [ RunTime:0.000028s ]
INFO: [ app_init ] --END-- [ RunTime:0.000957s ]
ERR: 无法加载模块:Public

[ 2017-08-28T08:41:20+08:00 ] ::1 /weibo/Public/Images/phiz/qian.gif
INFO: [ app_init ] --START--
INFO: Run Behavior\BuildLiteBehavior [ RunTime:0.000033s ]
INFO: [ app_init ] --END-- [ RunTime:0.001074s ]
ERR: 无法加载模块:Public

[ 2017-08-28T08:41:20+08:00 ] ::1 /weibo/Public/Images/phiz/shiwang.gif
INFO: [ app_init ] --START--
INFO: Run Behavior\BuildLiteBehavior [ RunTime:0.000032s ]
INFO: [ app_init ] --END-- [ RunTime:0.001496s ]
ERR: 无法加载模块:Public

[ 2017-08-28T08:41:20+08:00 ] ::1 /weibo/Public/Images/phiz/ku.gif
INFO: [ app_init ] --START--
INFO: Run Behavior\BuildLiteBehavior [ RunTime:0.000031s ]
INFO: [ app_init ] --END-- [ RunTime:0.001342s ]
ERR: 无法加载模块:Public

[ 2017-08-28T08:41:20+08:00 ] ::1 /weibo/Public/Images/phiz/huaxin.gif
INFO: [ app_init ] --START--
INFO: Run Behavior\BuildLiteBehavior [ RunTime:0.000032s ]
INFO: [ app_init ] --END-- [ RunTime:0.001026s ]
ERR: 无法加载模块:Public

[ 2017-08-28T08:41:20+08:00 ] ::1 /weibo/Public/Images/phiz/heng.gif
INFO: [ app_init ] --START--
INFO: Run Behavior\BuildLiteBehavior [ RunTime:0.000026s ]
INFO: [ app_init ] --END-- [ RunTime:0.000990s ]
ERR: 无法加载模块:Public

[ 2017-08-28T08:41:20+08:00 ] ::1 /weibo/Public/Images/phiz/guzhang.gif
INFO: [ app_init ] --START--
INFO: Run Behavior\BuildLiteBehavior [ RunTime:0.000033s ]
INFO: [ app_init ] --END-- [ RunTime:0.001303s ]
ERR: 无法加载模块:Public

[ 2017-08-28T08:41:20+08:00 ] ::1 /weibo/Public/Images/phiz/yun.gif
INFO: [ app_init ] --START--
INFO: Run Behavior\BuildLiteBehavior [ RunTime:0.000032s ]
INFO: [ app_init ] --END-- [ RunTime:0.001347s ]
ERR: 无法加载模块:Public

[ 2017-08-28T08:41:20+08:00 ] ::1 /weibo/Public/Images/phiz/beishuang.gif
INFO: [ app_init ] --START--
INFO: Run Behavior\BuildLiteBehavior [ RunTime:0.000029s ]
INFO: [ app_init ] --END-- [ RunTime:0.001315s ]
ERR: 无法加载模块:Public

[ 2017-08-28T08:41:20+08:00 ] ::1 /weibo/Public/Images/phiz/kun.gif
INFO: [ app_init ] --START--
INFO: Run Behavior\BuildLiteBehavior [ RunTime:0.000027s ]
INFO: [ app_init ] --END-- [ RunTime:0.001180s ]
ERR: 无法加载模块:Public

[ 2017-08-28T08:41:20+08:00 ] ::1 /weibo/Public/Images/phiz/zuakuang.gif
INFO: [ app_init ] --START--
INFO: Run Behavior\BuildLiteBehavior [ RunTime:0.000029s ]
INFO: [ app_init ] --END-- [ RunTime:0.001050s ]
ERR: 无法加载模块:Public

[ 2017-08-28T08:41:20+08:00 ] ::1 /weibo/Public/Images/phiz/yinxian.gif
INFO: [ app_init ] --START--
INFO: Run Behavior\BuildLiteBehavior [ RunTime:0.000028s ]
INFO: [ app_init ] --END-- [ RunTime:0.001034s ]
ERR: 无法加载模块:Public

[ 2017-08-28T08:41:20+08:00 ] ::1 /weibo/Public/Images/phiz/heixian.gif
INFO: [ app_init ] --START--
INFO: Run Behavior\BuildLiteBehavior [ RunTime:0.000032s ]
INFO: [ app_init ] --END-- [ RunTime:0.001113s ]
ERR: 无法加载模块:Public

[ 2017-08-28T08:41:20+08:00 ] ::1 /weibo/Public/Images/phiz/xin.gif
INFO: [ app_init ] --START--
INFO: Run Behavior\BuildLiteBehavior [ RunTime:0.000031s ]
INFO: [ app_init ] --END-- [ RunTime:0.000997s ]
ERR: 无法加载模块:Public

[ 2017-08-28T08:41:20+08:00 ] ::1 /weibo/Public/Images/phiz/shuangxin.gif
INFO: [ app_init ] --START--
INFO: Run Behavior\BuildLiteBehavior [ RunTime:0.000033s ]
INFO: [ app_init ] --END-- [ RunTime:0.001096s ]
ERR: 无法加载模块:Public

[ 2017-08-28T08:41:20+08:00 ] ::1 /weibo/Public/Images/default.jpg
INFO: [ app_init ] --START--
INFO: Run Behavior\BuildLiteBehavior [ RunTime:0.000030s ]
INFO: [ app_init ] --END-- [ RunTime:0.000986s ]
ERR: 无法加载模块:Public

[ 2017-08-28T08:41:20+08:00 ] ::1 /weibo/Public/Images/phiz/canzui.gif
INFO: [ app_init ] --START--
INFO: Run Behavior\BuildLiteBehavior [ RunTime:0.000029s ]
INFO: [ app_init ] --END-- [ RunTime:0.001245s ]
ERR: 无法加载模块:Public

[ 2017-08-28T08:41:20+08:00 ] ::1 /weibo/Public/Images/style3.jpg
INFO: [ app_init ] --START--
INFO: Run Behavior\BuildLiteBehavior [ RunTime:0.000029s ]
INFO: [ app_init ] --END-- [ RunTime:0.000940s ]
ERR: 无法加载模块:Public

[ 2017-08-28T08:41:20+08:00 ] ::1 /weibo/Public/Uploadify/browse-btn.png
INFO: [ app_init ] --START--
INFO: Run Behavior\BuildLiteBehavior [ RunTime:0.000123s ]
INFO: [ app_init ] --END-- [ RunTime:0.001461s ]
ERR: 无法加载模块:Public

[ 2017-08-28T08:41:20+08:00 ] ::1 /weibo/Public/Images/style4.jpg
INFO: [ app_init ] --START--
INFO: Run Behavior\BuildLiteBehavior [ RunTime:0.000029s ]
INFO: [ app_init ] --END-- [ RunTime:0.001114s ]
ERR: 无法加载模块:Public

[ 2017-08-28T08:41:20+08:00 ] ::1 /weibo/Public/Images/style2.jpg
INFO: [ app_init ] --START--
INFO: Run Behavior\BuildLiteBehavior [ RunTime:0.000028s ]
INFO: [ app_init ] --END-- [ RunTime:0.001024s ]
ERR: 无法加载模块:Public

[ 2017-08-28T08:41:20+08:00 ] ::1 /weibo/Public/Images/phiz/numa.gif
INFO: [ app_init ] --START--
INFO: Run Behavior\BuildLiteBehavior [ RunTime:0.000034s ]
INFO: [ app_init ] --END-- [ RunTime:0.001833s ]
ERR: 无法加载模块:Public

[ 2017-08-28T08:41:20+08:00 ] ::1 /weibo/Public/Uploadify/uploadify.swf?preventswfcaching=1503880880230
INFO: [ app_init ] --START--
INFO: Run Behavior\BuildLiteBehavior [ RunTime:0.000038s ]
INFO: [ app_init ] --END-- [ RunTime:0.001712s ]
ERR: 无法加载模块:Public

[ 2017-08-28T08:42:11+08:00 ] ::1 /weibo/Public/Home/Theme//Css/nav.css
INFO: [ app_init ] --START--
INFO: Run Behavior\BuildLiteBehavior [ RunTime:0.000029s ]
INFO: [ app_init ] --END-- [ RunTime:0.001064s ]
ERR: 无法加载模块:Public

[ 2017-08-28T08:42:11+08:00 ] ::1 /weibo/Public/Home/Theme//Css/bottom.css
INFO: [ app_init ] --START--
INFO: Run Behavior\BuildLiteBehavior [ RunTime:0.000030s ]
INFO: [ app_init ] --END-- [ RunTime:0.001030s ]
ERR: 无法加载模块:Public

[ 2017-08-28T08:42:11+08:00 ] ::1 /weibo/Public/Home/Theme//Css/index.css
INFO: [ app_init ] --START--
INFO: Run Behavior\BuildLiteBehavior [ RunTime:0.000032s ]
INFO: [ app_init ] --END-- [ RunTime:0.001069s ]
ERR: 无法加载模块:Public

[ 2017-08-28T08:42:12+08:00 ] ::1 /weibo/Public/Uploadify/uploadify.swf?preventswfcaching=1503880932140
INFO: [ app_init ] --START--
INFO: Run Behavior\BuildLiteBehavior [ RunTime:0.000112s ]
INFO: [ app_init ] --END-- [ RunTime:0.001790s ]
ERR: 无法加载模块:Public

[ 2017-08-28T08:42:12+08:00 ] ::1 /weibo/Public/Uploadify/browse-btn.png
INFO: [ app_init ] --START--
INFO: Run Behavior\BuildLiteBehavior [ RunTime:0.000019s ]
INFO: [ app_init ] --END-- [ RunTime:0.000635s ]
ERR: 无法加载模块:Public

[ 2017-08-28T09:10:06+08:00 ] ::1 /weibo/Public/Home/Theme//Css/nav.css
INFO: [ app_init ] --START--
INFO: Run Behavior\BuildLiteBehavior [ RunTime:0.000031s ]
INFO: [ app_init ] --END-- [ RunTime:0.001015s ]
ERR: 无法加载模块:Public

[ 2017-08-28T09:10:06+08:00 ] ::1 /weibo/Public/Home/Theme//Css/index.css
INFO: [ app_init ] --START--
INFO: Run Behavior\BuildLiteBehavior [ RunTime:0.000033s ]
INFO: [ app_init ] --END-- [ RunTime:0.001064s ]
ERR: 无法加载模块:Public

[ 2017-08-28T09:10:06+08:00 ] ::1 /weibo/Public/Home/Theme//Css/bottom.css
INFO: [ app_init ] --START--
INFO: Run Behavior\BuildLiteBehavior [ RunTime:0.000034s ]
INFO: [ app_init ] --END-- [ RunTime:0.000984s ]
ERR: 无法加载模块:Public

[ 2017-08-28T09:10:06+08:00 ] ::1 /weibo/Public/Uploadify/browse-btn.png
INFO: [ app_init ] --START--
INFO: Run Behavior\BuildLiteBehavior [ RunTime:0.000031s ]
INFO: [ app_init ] --END-- [ RunTime:0.001327s ]
ERR: 无法加载模块:Public

[ 2017-08-28T09:10:07+08:00 ] ::1 /weibo/Public/Uploadify/uploadify.swf?preventswfcaching=1503882606934
INFO: [ app_init ] --START--
INFO: Run Behavior\BuildLiteBehavior [ RunTime:0.000025s ]
INFO: [ app_init ] --END-- [ RunTime:0.000741s ]
ERR: 无法加载模块:Public

[ 2017-08-28T09:13:16+08:00 ] ::1 /weibo/Public/Uploadify/uploadify.swf?preventswfcaching=1503882795808
INFO: [ app_init ] --START--
INFO: Run Behavior\BuildLiteBehavior [ RunTime:0.000034s ]
INFO: [ app_init ] --END-- [ RunTime:0.001261s ]
ERR: 无法加载模块:Public

[ 2017-08-28T09:23:17+08:00 ] ::1 /weibo/Public/Theme//Css/nav.css
INFO: [ app_init ] --START--
INFO: Run Behavior\BuildLiteBehavior [ RunTime:0.000028s ]
INFO: [ app_init ] --END-- [ RunTime:0.001017s ]
ERR: 无法加载模块:Public

[ 2017-08-28T09:23:17+08:00 ] ::1 /weibo/Public/Theme//Css/edit.css
INFO: [ app_init ] --START--
INFO: Run Behavior\BuildLiteBehavior [ RunTime:0.000034s ]
INFO: [ app_init ] --END-- [ RunTime:0.000977s ]
ERR: 无法加载模块:Public

[ 2017-08-28T09:23:17+08:00 ] ::1 /weibo/Public/Js/edit.js
INFO: [ app_init ] --START--
INFO: Run Behavior\BuildLiteBehavior [ RunTime:0.000034s ]
INFO: [ app_init ] --END-- [ RunTime:0.000995s ]
ERR: 无法加载模块:Public

[ 2017-08-28T09:23:18+08:00 ] ::1 /weibo/Public/Uploadify/uploadify.css
INFO: [ app_init ] --START--
INFO: Run Behavior\BuildLiteBehavior [ RunTime:0.000028s ]
INFO: [ app_init ] --END-- [ RunTime:0.001055s ]
ERR: 无法加载模块:Public

[ 2017-08-28T09:23:18+08:00 ] ::1 /weibo/Public/Js/jquery-1.7.2.min.js
INFO: [ app_init ] --START--
INFO: Run Behavior\BuildLiteBehavior [ RunTime:0.000031s ]
INFO: [ app_init ] --END-- [ RunTime:0.032635s ]
ERR: 无法加载模块:Public

[ 2017-08-28T09:23:18+08:00 ] ::1 /weibo/Public/Uploadify/jquery.uploadify.min.js
INFO: [ app_init ] --START--
INFO: Run Behavior\BuildLiteBehavior [ RunTime:0.000029s ]
INFO: [ app_init ] --END-- [ RunTime:0.001079s ]
ERR: 无法加载模块:Public

[ 2017-08-28T09:23:18+08:00 ] ::1 /weibo/Public/Js/nav.js
INFO: [ app_init ] --START--
INFO: Run Behavior\BuildLiteBehavior [ RunTime:0.000030s ]
INFO: [ app_init ] --END-- [ RunTime:0.001000s ]
ERR: 无法加载模块:Public

[ 2017-08-28T09:23:18+08:00 ] ::1 /weibo/Public/Js/jquery-validate.js
INFO: [ app_init ] --START--
INFO: Run Behavior\BuildLiteBehavior [ RunTime:0.000055s ]
INFO: [ app_init ] --END-- [ RunTime:0.001442s ]
ERR: 无法加载模块:Public

[ 2017-08-28T09:23:18+08:00 ] ::1 /weibo/Public/Js/city.js
INFO: [ app_init ] --START--
INFO: Run Behavior\BuildLiteBehavior [ RunTime:0.000133s ]
INFO: [ app_init ] --END-- [ RunTime:0.005225s ]
ERR: 无法加载模块:Public

[ 2017-08-28T09:23:18+08:00 ] ::1 /weibo/Public/Images/noface.gif
INFO: [ app_init ] --START--
INFO: Run Behavior\BuildLiteBehavior [ RunTime:0.000030s ]
INFO: [ app_init ] --END-- [ RunTime:0.001056s ]
ERR: 无法加载模块:Public

[ 2017-08-28T09:23:18+08:00 ] ::1 /weibo/Public/Js/edit.js
INFO: [ app_init ] --START--
INFO: Run Behavior\BuildLiteBehavior [ RunTime:0.000114s ]
INFO: [ app_init ] --END-- [ RunTime:0.003027s ]
ERR: 无法加载模块:Public

[ 2017-08-28T09:23:18+08:00 ] ::1 /weibo/Public/Uploadify/jquery.uploadify.min.js
INFO: [ app_init ] --START--
INFO: Run Behavior\BuildLiteBehavior [ RunTime:0.000018s ]
INFO: [ app_init ] --END-- [ RunTime:0.000707s ]
ERR: 无法加载模块:Public

[ 2017-08-28T09:23:18+08:00 ] ::1 /weibo/Public/Js/jquery-validate.js
INFO: [ app_init ] --START--
INFO: Run Behavior\BuildLiteBehavior [ RunTime:0.000030s ]
INFO: [ app_init ] --END-- [ RunTime:0.001013s ]
ERR: 无法加载模块:Public

[ 2017-08-28T09:23:18+08:00 ] ::1 /weibo/Public/Images/noface.gif
INFO: [ app_init ] --START--
INFO: Run Behavior\BuildLiteBehavior [ RunTime:0.000032s ]
INFO: [ app_init ] --END-- [ RunTime:0.001101s ]
ERR: 无法加载模块:Public

[ 2017-08-28T09:23:52+08:00 ] ::1 /weibo/Public/Home/Theme//Css/nav.css
INFO: [ app_init ] --START--
INFO: Run Behavior\BuildLiteBehavior [ RunTime:0.000022s ]
INFO: [ app_init ] --END-- [ RunTime:0.000970s ]
ERR: 无法加载模块:Public

[ 2017-08-28T09:23:52+08:00 ] ::1 /weibo/Public/Home/Theme//Css/edit.css
INFO: [ app_init ] --START--
INFO: Run Behavior\BuildLiteBehavior [ RunTime:0.000022s ]
INFO: [ app_init ] --END-- [ RunTime:0.000716s ]
ERR: 无法加载模块:Public

[ 2017-08-28T09:23:52+08:00 ] ::1 /weibo/Public/Uploadify/browse-btn.png
INFO: [ app_init ] --START--
INFO: Run Behavior\BuildLiteBehavior [ RunTime:0.000031s ]
INFO: [ app_init ] --END-- [ RunTime:0.001115s ]
ERR: 无法加载模块:Public

[ 2017-08-28T09:23:53+08:00 ] ::1 /weibo/Public/Uploadify/uploadify.swf?preventswfcaching=1503883432585
INFO: [ app_init ] --START--
INFO: Run Behavior\BuildLiteBehavior [ RunTime:0.000020s ]
INFO: [ app_init ] --END-- [ RunTime:0.000745s ]
ERR: 无法加载模块:Public

[ 2017-08-28T09:23:57+08:00 ] ::1 /weibo/Public/Home/Theme//Css/nav.css
INFO: [ app_init ] --START--
INFO: Run Behavior\BuildLiteBehavior [ RunTime:0.000020s ]
INFO: [ app_init ] --END-- [ RunTime:0.000739s ]
ERR: 无法加载模块:Public

[ 2017-08-28T09:23:57+08:00 ] ::1 /weibo/Public/Home/Theme//Css/edit.css
INFO: [ app_init ] --START--
INFO: Run Behavior\BuildLiteBehavior [ RunTime:0.000033s ]
INFO: [ app_init ] --END-- [ RunTime:0.003957s ]
ERR: 无法加载模块:Public

[ 2017-08-28T09:23:57+08:00 ] ::1 /weibo/Public/Uploadify/browse-btn.png
INFO: [ app_init ] --START--
INFO: Run Behavior\BuildLiteBehavior [ RunTime:0.000030s ]
INFO: [ app_init ] --END-- [ RunTime:0.001051s ]
ERR: 无法加载模块:Public

[ 2017-08-28T09:23:57+08:00 ] ::1 /weibo/Public/Uploadify/uploadify.swf?preventswfcaching=1503883437231
INFO: [ app_init ] --START--
INFO: Run Behavior\BuildLiteBehavior [ RunTime:0.000032s ]
INFO: [ app_init ] --END-- [ RunTime:0.001255s ]
ERR: 无法加载模块:Public

[ 2017-08-28T09:34:58+08:00 ] ::1 /weibo/Public/Uploadify/browse-btn.png
INFO: [ app_init ] --START--
INFO: Run Behavior\BuildLiteBehavior [ RunTime:0.000033s ]
INFO: [ app_init ] --END-- [ RunTime:0.001305s ]
ERR: 无法加载模块:Public

[ 2017-08-28T09:34:59+08:00 ] ::1 /weibo/Public/Uploadify/uploadify.swf?preventswfcaching=1503884044687
INFO: [ app_init ] --START--
INFO: Run Behavior\BuildLiteBehavior [ RunTime:0.000073s ]
INFO: [ app_init ] --END-- [ RunTime:0.001536s ]
ERR: 无法加载模块:Public

[ 2017-08-28T09:50:53+08:00 ] ::1 /weibo/Public/Home/Theme//Css/nav.css
INFO: [ app_init ] --START--
INFO: Run Behavior\BuildLiteBehavior [ RunTime:0.000034s ]
INFO: [ app_init ] --END-- [ RunTime:0.001196s ]
ERR: 无法加载模块:Public

[ 2017-08-28T09:50:53+08:00 ] ::1 /weibo/Public/Home/Theme//Css/bottom.css
INFO: [ app_init ] --START--
INFO: Run Behavior\BuildLiteBehavior [ RunTime:0.000031s ]
INFO: [ app_init ] --END-- [ RunTime:0.001223s ]
ERR: 无法加载模块:Public

[ 2017-08-28T09:50:53+08:00 ] ::1 /weibo/Public/Home/Theme//Css/index.css
INFO: [ app_init ] --START--
INFO: Run Behavior\BuildLiteBehavior [ RunTime:0.000207s ]
INFO: [ app_init ] --END-- [ RunTime:0.009865s ]
ERR: 无法加载模块:Public

[ 2017-08-28T09:50:53+08:00 ] ::1 /weibo/Public/Uploadify/browse-btn.png
INFO: [ app_init ] --START--
INFO: Run Behavior\BuildLiteBehavior [ RunTime:0.000066s ]
INFO: [ app_init ] --END-- [ RunTime:0.001291s ]
ERR: 无法加载模块:Public

[ 2017-08-28T09:50:54+08:00 ] ::1 /weibo/Public/Uploadify/uploadify.swf?preventswfcaching=1503885053839
INFO: [ app_init ] --START--
INFO: Run Behavior\BuildLiteBehavior [ RunTime:0.000034s ]
INFO: [ app_init ] --END-- [ RunTime:0.001123s ]
ERR: 无法加载模块:Public

[ 2017-08-28T09:57:31+08:00 ] ::1 /weibo/Public/Home/Theme//Css/nav.css
INFO: [ app_init ] --START--
INFO: Run Behavior\BuildLiteBehavior [ RunTime:0.000036s ]
INFO: [ app_init ] --END-- [ RunTime:0.001262s ]
ERR: 无法加载模块:Public

[ 2017-08-28T09:57:32+08:00 ] ::1 /weibo/Public/Home/Theme//Css/index.css
INFO: [ app_init ] --START--
INFO: Run Behavior\BuildLiteBehavior [ RunTime:0.000032s ]
INFO: [ app_init ] --END-- [ RunTime:0.001002s ]
ERR: 无法加载模块:Public

[ 2017-08-28T09:57:32+08:00 ] ::1 /weibo/Public/Home/Theme//Css/bottom.css
INFO: [ app_init ] --START--
INFO: Run Behavior\BuildLiteBehavior [ RunTime:0.000031s ]
INFO: [ app_init ] --END-- [ RunTime:0.001099s ]
ERR: 无法加载模块:Public

[ 2017-08-28T09:57:32+08:00 ] ::1 /weibo/Public/Uploadify/browse-btn.png
INFO: [ app_init ] --START--
INFO: Run Behavior\BuildLiteBehavior [ RunTime:0.000062s ]
INFO: [ app_init ] --END-- [ RunTime:0.001194s ]
ERR: 无法加载模块:Public

[ 2017-08-28T09:57:32+08:00 ] ::1 /weibo/Public/Uploadify/uploadify.swf?preventswfcaching=1503885452357
INFO: [ app_init ] --START--
INFO: Run Behavior\BuildLiteBehavior [ RunTime:0.000044s ]
INFO: [ app_init ] --END-- [ RunTime:0.001398s ]
ERR: 无法加载模块:Public

[ 2017-08-28T10:01:33+08:00 ] ::1 /weibo/Public/Home/Theme//Css/nav.css
INFO: [ app_init ] --START--
INFO: Run Behavior\BuildLiteBehavior [ RunTime:0.000031s ]
INFO: [ app_init ] --END-- [ RunTime:0.000952s ]
ERR: 无法加载模块:Public

[ 2017-08-28T10:01:33+08:00 ] ::1 /weibo/Public/Home/Theme//Css/index.css
INFO: [ app_init ] --START--
INFO: Run Behavior\BuildLiteBehavior [ RunTime:0.000074s ]
INFO: [ app_init ] --END-- [ RunTime:0.001388s ]
ERR: 无法加载模块:Public

[ 2017-08-28T10:01:33+08:00 ] ::1 /weibo/Public/Home/Theme//Css/bottom.css
INFO: [ app_init ] --START--
INFO: Run Behavior\BuildLiteBehavior [ RunTime:0.000048s ]
INFO: [ app_init ] --END-- [ RunTime:0.006488s ]
ERR: 无法加载模块:Public

[ 2017-08-28T10:01:33+08:00 ] ::1 /weibo/Public/Uploadify/browse-btn.png
INFO: [ app_init ] --START--
INFO: Run Behavior\BuildLiteBehavior [ RunTime:0.000036s ]
INFO: [ app_init ] --END-- [ RunTime:0.001163s ]
ERR: 无法加载模块:Public

[ 2017-08-28T10:01:33+08:00 ] ::1 /weibo/Public/Uploadify/uploadify.swf?preventswfcaching=1503885693508
INFO: [ app_init ] --START--
INFO: Run Behavior\BuildLiteBehavior [ RunTime:0.000031s ]
INFO: [ app_init ] --END-- [ RunTime:0.000951s ]
ERR: 无法加载模块:Public

[ 2017-08-28T10:07:27+08:00 ] ::1 /weibo/Public/Home/Theme//Css/nav.css
INFO: [ app_init ] --START--
INFO: Run Behavior\BuildLiteBehavior [ RunTime:0.000029s ]
INFO: [ app_init ] --END-- [ RunTime:0.001053s ]
ERR: 无法加载模块:Public

[ 2017-08-28T10:07:27+08:00 ] ::1 /weibo/Public/Home/Theme//Css/index.css
INFO: [ app_init ] --START--
INFO: Run Behavior\BuildLiteBehavior [ RunTime:0.000019s ]
INFO: [ app_init ] --END-- [ RunTime:0.000651s ]
ERR: 无法加载模块:Public

[ 2017-08-28T10:07:27+08:00 ] ::1 /weibo/Public/Home/Theme//Css/bottom.css
INFO: [ app_init ] --START--
INFO: Run Behavior\BuildLiteBehavior [ RunTime:0.000029s ]
INFO: [ app_init ] --END-- [ RunTime:0.001216s ]
ERR: 无法加载模块:Public

[ 2017-08-28T10:07:27+08:00 ] ::1 /weibo/Public/Uploadify/browse-btn.png
INFO: [ app_init ] --START--
INFO: Run Behavior\BuildLiteBehavior [ RunTime:0.000061s ]
INFO: [ app_init ] --END-- [ RunTime:0.001630s ]
ERR: 无法加载模块:Public

[ 2017-08-28T10:07:27+08:00 ] ::1 /weibo/Public/Uploadify/uploadify.swf?preventswfcaching=1503886047654
INFO: [ app_init ] --START--
INFO: Run Behavior\BuildLiteBehavior [ RunTime:0.000033s ]
INFO: [ app_init ] --END-- [ RunTime:0.001239s ]
ERR: 无法加载模块:Public

[ 2017-08-28T16:05:16+08:00 ] ::1 /weibo/Public/Uploadify/browse-btn.png
INFO: [ app_init ] --START--
INFO: Run Behavior\BuildLiteBehavior [ RunTime:0.000029s ]
INFO: [ app_init ] --END-- [ RunTime:0.001167s ]
ERR: 无法加载模块:Public

[ 2017-08-28T16:05:16+08:00 ] ::1 /weibo/Public/Uploadify/uploadify.swf?preventswfcaching=1503907513375
INFO: [ app_init ] --START--
INFO: Run Behavior\BuildLiteBehavior [ RunTime:0.000034s ]
INFO: [ app_init ] --END-- [ RunTime:0.001687s ]
ERR: 无法加载模块:Public

[ 2017-08-28T16:05:28+08:00 ] ::1 /weibo/Public/Uploadify/browse-btn.png
INFO: [ app_init ] --START--
INFO: Run Behavior\BuildLiteBehavior [ RunTime:0.000096s ]
INFO: [ app_init ] --END-- [ RunTime:0.001292s ]
ERR: 无法加载模块:Public

[ 2017-08-28T16:05:28+08:00 ] ::1 /weibo/Public/Uploadify/uploadify.swf?preventswfcaching=1503907525014
INFO: [ app_init ] --START--
INFO: Run Behavior\BuildLiteBehavior [ RunTime:0.000025s ]
INFO: [ app_init ] --END-- [ RunTime:0.001246s ]
ERR: 无法加载模块:Public

[ 2017-08-28T16:05:52+08:00 ] ::1 /weibo/Public/Uploadify/browse-btn.png
INFO: [ app_init ] --START--
INFO: Run Behavior\BuildLiteBehavior [ RunTime:0.000033s ]
INFO: [ app_init ] --END-- [ RunTime:0.001832s ]
ERR: 无法加载模块:Public

[ 2017-08-28T16:05:52+08:00 ] ::1 /weibo/Public/Uploadify/uploadify.swf?preventswfcaching=1503907548938
INFO: [ app_init ] --START--
INFO: Run Behavior\BuildLiteBehavior [ RunTime:0.000085s ]
INFO: [ app_init ] --END-- [ RunTime:0.002884s ]
ERR: 无法加载模块:Public

[ 2017-08-28T16:07:07+08:00 ] ::1 /weibo/Public/Uploadify/browse-btn.png
INFO: [ app_init ] --START--
INFO: Run Behavior\BuildLiteBehavior [ RunTime:0.000030s ]
INFO: [ app_init ] --END-- [ RunTime:0.001057s ]
ERR: 无法加载模块:Public

[ 2017-08-28T16:07:07+08:00 ] ::1 /weibo/Public/Uploadify/uploadify.swf?preventswfcaching=1503907618342
INFO: [ app_init ] --START--
INFO: Run Behavior\BuildLiteBehavior [ RunTime:0.000034s ]
INFO: [ app_init ] --END-- [ RunTime:0.002855s ]
ERR: 无法加载模块:Public

[ 2017-08-28T20:03:24+08:00 ] ::1 /weibo/Public/Home/Theme/default/Images/unchecked.gif
INFO: [ app_init ] --START--
INFO: Run Behavior\BuildLiteBehavior [ RunTime:0.000026s ]
INFO: [ app_init ] --END-- [ RunTime:0.000735s ]
ERR: 无法加载模块:Public

[ 2017-08-28T20:03:26+08:00 ] ::1 /weibo/Public/Home/Theme/default/Images/checked.gif
INFO: [ app_init ] --START--
INFO: Run Behavior\BuildLiteBehavior [ RunTime:0.000019s ]
INFO: [ app_init ] --END-- [ RunTime:0.000643s ]
ERR: 无法加载模块:Public

[ 2017-08-28T20:13:59+08:00 ] ::1 /weibo/Public/Home/Theme/default/Images/unchecked.gif
INFO: [ app_init ] --START--
INFO: Run Behavior\BuildLiteBehavior [ RunTime:0.000020s ]
INFO: [ app_init ] --END-- [ RunTime:0.000713s ]
ERR: 无法加载模块:Public

[ 2017-08-28T20:14:13+08:00 ] ::1 /weibo/Public/Home/Theme/default/Images/checked.gif
INFO: [ app_init ] --START--
INFO: Run Behavior\BuildLiteBehavior [ RunTime:0.000018s ]
INFO: [ app_init ] --END-- [ RunTime:0.000773s ]
ERR: 无法加载模块:Public

[ 2017-08-28T20:23:05+08:00 ] ::1 /weibo/Public/Home/Theme/default/Images/checked.gif
INFO: [ app_init ] --START--
INFO: Run Behavior\BuildLiteBehavior [ RunTime:0.000033s ]
INFO: [ app_init ] --END-- [ RunTime:0.001190s ]
ERR: 无法加载模块:Public

[ 2017-08-28T20:23:12+08:00 ] ::1 /weibo/Public/Home/Theme/default/Images/unchecked.gif
INFO: [ app_init ] --START--
INFO: Run Behavior\BuildLiteBehavior [ RunTime:0.000019s ]
INFO: [ app_init ] --END-- [ RunTime:0.000752s ]
ERR: 无法加载模块:Public

[ 2017-08-28T20:47:32+08:00 ] ::1 /weibo/Public/Home/Theme/default/Images/checked.gif
INFO: [ app_init ] --START--
INFO: Run Behavior\BuildLiteBehavior [ RunTime:0.000043s ]
INFO: [ app_init ] --END-- [ RunTime:0.001221s ]
ERR: 无法加载模块:Public

[ 2017-08-28T21:02:40+08:00 ] ::1 /weibo/Public/Home/Theme/default/Images/checked.gif
INFO: [ app_init ] --START--
INFO: Run Behavior\BuildLiteBehavior [ RunTime:0.000021s ]
INFO: [ app_init ] --END-- [ RunTime:0.001011s ]
ERR: 无法加载模块:Public

[ 2017-08-28T21:02:41+08:00 ] ::1 /weibo/Public/Home/Theme/default/Images/unchecked.gif
INFO: [ app_init ] --START--
INFO: Run Behavior\BuildLiteBehavior [ RunTime:0.000035s ]
INFO: [ app_init ] --END-- [ RunTime:0.001468s ]
ERR: 无法加载模块:Public

