[ 2017-09-03T08:55:23+08:00 ] ::1 /weibo/Public/Js/letter.js
INFO: [ app_init ] --START--
INFO: Run Behavior\BuildLiteBehavior [ RunTime:0.000023s ]
INFO: [ app_init ] --END-- [ RunTime:0.000658s ]
ERR: æ— æ³•åŠ è½½æ¨¡å—:Public

[ 2017-09-03T08:55:23+08:00 ] ::1 /weibo/Public/Theme/default/Css/nav.css
INFO: [ app_init ] --START--
INFO: Run Behavior\BuildLiteBehavior [ RunTime:0.000030s ]
INFO: [ app_init ] --END-- [ RunTime:0.001352s ]
ERR: æ— æ³•åŠ è½½æ¨¡å—:Public

[ 2017-09-03T08:55:23+08:00 ] ::1 /weibo/Public/Js/jquery-1.7.2.min.js
INFO: [ app_init ] --START--
INFO: Run Behavior\BuildLiteBehavior [ RunTime:0.000076s ]
INFO: [ app_init ] --END-- [ RunTime:0.002013s ]
ERR: æ— æ³•åŠ è½½æ¨¡å—:Public

[ 2017-09-03T08:55:23+08:00 ] ::1 /weibo/Public/Theme/default/Css/letter.css
INFO: [ app_init ] --START--
INFO: Run Behavior\BuildLiteBehavior [ RunTime:0.000040s ]
INFO: [ app_init ] --END-- [ RunTime:0.002504s ]
ERR: æ— æ³•åŠ è½½æ¨¡å—:Public

[ 2017-09-03T08:55:23+08:00 ] ::1 /weibo/Public/Theme/default/Css/bottom.css
INFO: [ app_init ] --START--
INFO: Run Behavior\BuildLiteBehavior [ RunTime:0.000055s ]
INFO: [ app_init ] --END-- [ RunTime:0.001997s ]
ERR: æ— æ³•åŠ è½½æ¨¡å—:Public

[ 2017-09-03T08:55:23+08:00 ] ::1 /weibo/Public/Js/nav.js
INFO: [ app_init ] --START--
INFO: Run Behavior\BuildLiteBehavior [ RunTime:0.000047s ]
INFO: [ app_init ] --END-- [ RunTime:0.001606s ]
ERR: æ— æ³•åŠ è½½æ¨¡å—:Public

[ 2017-09-03T08:55:27+08:00 ] ::1 /weibo/Public/Theme/default/Css/nav.css
INFO: [ app_init ] --START--
INFO: Run Behavior\BuildLiteBehavior [ RunTime:0.000031s ]
INFO: [ app_init ] --END-- [ RunTime:0.000929s ]
ERR: æ— æ³•åŠ è½½æ¨¡å—:Public

[ 2017-09-03T08:55:27+08:00 ] ::1 /weibo/Public/Theme/default/Css/letter.css
INFO: [ app_init ] --START--
INFO: Run Behavior\BuildLiteBehavior [ RunTime:0.000032s ]
INFO: [ app_init ] --END-- [ RunTime:0.001250s ]
ERR: æ— æ³•åŠ è½½æ¨¡å—:Public

[ 2017-09-03T08:55:27+08:00 ] ::1 /weibo/Public/Theme/default/Css/bottom.css
INFO: [ app_init ] --START--
INFO: Run Behavior\BuildLiteBehavior [ RunTime:0.000021s ]
INFO: [ app_init ] --END-- [ RunTime:0.000735s ]
ERR: æ— æ³•åŠ è½½æ¨¡å—:Public

[ 2017-09-03T10:47:11+08:00 ] ::1 /weibo/Public/Theme/default/Css/comment.css
INFO: [ app_init ] --START--
INFO: Run Behavior\BuildLiteBehavior [ RunTime:0.000030s ]
INFO: [ app_init ] --END-- [ RunTime:0.001091s ]
ERR: æ— æ³•åŠ è½½æ¨¡å—:Public

[ 2017-09-03T10:47:11+08:00 ] ::1 /weibo/Public/Theme/default/Css/bottom.css
INFO: [ app_init ] --START--
INFO: Run Behavior\BuildLiteBehavior [ RunTime:0.000030s ]
INFO: [ app_init ] --END-- [ RunTime:0.001506s ]
ERR: æ— æ³•åŠ è½½æ¨¡å—:Public

[ 2017-09-03T10:47:11+08:00 ] ::1 /weibo/Public/Js/jquery-1.7.2.min.js
INFO: [ app_init ] --START--
INFO: Run Behavior\BuildLiteBehavior [ RunTime:0.000034s ]
INFO: [ app_init ] --END-- [ RunTime:0.002598s ]
ERR: æ— æ³•åŠ è½½æ¨¡å—:Public

[ 2017-09-03T10:47:11+08:00 ] ::1 /weibo/Public/Js/comment.js
INFO: [ app_init ] --START--
INFO: Run Behavior\BuildLiteBehavior [ RunTime:0.000029s ]
INFO: [ app_init ] --END-- [ RunTime:0.001048s ]
ERR: æ— æ³•åŠ è½½æ¨¡å—:Public

—:Public

[ 2017-09-03T10:47:11+08:00 ] ::1 /weibo/Public/Js/nav.js
INFO: [ app_init ] --START--
INFO: Run Behavior\BuildLiteBehavior [ RunTime:0.000030s ]
INFO: [ app_init ] --END-- [ RunTime:0.001105s ]
ERR: æ— æ³•åŠ è½½æ¨¡å—:Public

[ 2017-09-03T19:55:08+08:00 ] ::1 /weibo/Public/Home/Theme/style1/Css/nav.css
INFO: [ app_init ] --START--
INFO: Run Behavior\BuildLiteBehavior [ RunTime:0.000032s ]
INFO: [ app_init ] --END-- [ RunTime:0.001200s ]
ERR: æ— æ³•åŠ è½½æ¨¡å—:Public

[ 2017-09-03T19:55:08+08:00 ] ::1 /weibo/Public/Home/Theme/style1/Css/weibo_list.css
INFO: [ app_init ] --START--
INFO: Run Behavior\BuildLiteBehavior [ RunTime:0.000036s ]
INFO: [ app_init ] --END-- [ RunTime:0.001350s ]
ERR: æ— æ³•åŠ è½½æ¨¡å—:Public

[ 2017-09-03T19:55:08+08:00 ] ::1 /weibo/Public/Home/Theme/style1/Css/bottom.css
INFO: [ app_init ] --START--
INFO: Run Behavior\BuildLiteBehavior [ RunTime:0.000037s ]
INFO: [ app_init ] --END-- [ RunTime:0.009889s ]
ERR: æ— æ³•åŠ è½½æ¨¡å—:Public

[ 2017-09-03T21:05:57+08:00 ] ::1 /weibo/Public/Home/Theme/style1/Css/nav.css
INFO: [ app_init ] --START--
INFO: Run Behavior\BuildLiteBehavior [ RunTime:0.000040s ]
INFO: [ app_init ] --END-- [ RunTime:0.001812s ]
ERR: æ— æ³•åŠ è½½æ¨¡å—:Public

[ 2017-09-03T21:05:57+08:00 ] ::1 /weibo/Public/Home/Theme/style1/Css/comment.css
INFO: [ app_init ] --START--
INFO: Run Behavior\BuildLiteBehavior [ RunTime:0.000042s ]
INFO: [ app_init ] --END-- [ RunTime:0.001542s ]
ERR: æ— æ³•åŠ è½½æ¨¡å—:Public

[ 2017-09-03T21:05:57+08:00 ] ::1 /weibo/Public/Home/Theme/style1/Css/bottom.css
INFO: [ app_init ] --START--
INFO: Run Behavior\BuildLiteBehavior [ RunTime:0.000037s ]
INFO: [ app_init ] --END-- [ RunTime:0.001758s ]
ERR: æ— æ³•åŠ è½½æ¨¡å—:Public

